{"/Users/rafalciesielski/Developer/WorldExplorer/context/FavoritesContext.tsx": {"path":"/Users/rafalciesielski/Developer/WorldExplorer/context/FavoritesContext.tsx","statementMap":{"0":{"start":{"line":16,"column":25},"end":{"line":22,"column":2}},"1":{"start":{"line":18,"column":21},"end":{"line":18,"column":26}},"2":{"start":{"line":20,"column":22},"end":{"line":20,"column":24}},"3":{"start":{"line":24,"column":28},"end":{"line":30,"column":1}},"4":{"start":{"line":25,"column":18},"end":{"line":25,"column":52}},"5":{"start":{"line":26,"column":2},"end":{"line":28,"column":3}},"6":{"start":{"line":27,"column":4},"end":{"line":27,"column":74}},"7":{"start":{"line":29,"column":2},"end":{"line":29,"column":17}},"8":{"start":{"line":32,"column":30},"end":{"line":32,"column":55}},"9":{"start":{"line":34,"column":68},"end":{"line":186,"column":1}},"10":{"start":{"line":35,"column":36},"end":{"line":35,"column":68}},"11":{"start":{"line":36,"column":36},"end":{"line":36,"column":50}},"12":{"start":{"line":37,"column":18},"end":{"line":37,"column":30}},"13":{"start":{"line":40,"column":2},"end":{"line":60,"column":9}},"14":{"start":{"line":41,"column":26},"end":{"line":58,"column":5}},"15":{"start":{"line":42,"column":6},"end":{"line":57,"column":7}},"16":{"start":{"line":43,"column":23},"end":{"line":43,"column":72}},"17":{"start":{"line":44,"column":8},"end":{"line":46,"column":9}},"18":{"start":{"line":45,"column":10},"end":{"line":45,"column":52}},"19":{"start":{"line":47,"column":8},"end":{"line":47,"column":28}},"20":{"start":{"line":49,"column":8},"end":{"line":55,"column":11}},"21":{"start":{"line":56,"column":8},"end":{"line":56,"column":28}},"22":{"start":{"line":59,"column":4},"end":{"line":59,"column":20}},"23":{"start":{"line":63,"column":17},"end":{"line":63,"column":27}},"24":{"start":{"line":65,"column":33},"end":{"line":65,"column":83}},"25":{"start":{"line":65,"column":39},"end":{"line":65,"column":83}},"26":{"start":{"line":73,"column":41},"end":{"line":105,"column":3}},"27":{"start":{"line":74,"column":4},"end":{"line":104,"column":5}},"28":{"start":{"line":75,"column":34},"end":{"line":75,"column":58}},"29":{"start":{"line":76,"column":23},"end":{"line":76,"column":57}},"30":{"start":{"line":77,"column":26},"end":{"line":77,"column":65}},"31":{"start":{"line":77,"column":59},"end":{"line":77,"column":63}},"32":{"start":{"line":79,"column":20},"end":{"line":79,"column":80}},"33":{"start":{"line":79,"column":57},"end":{"line":79,"column":79}},"34":{"start":{"line":80,"column":23},"end":{"line":80,"column":83}},"35":{"start":{"line":80,"column":64},"end":{"line":80,"column":82}},"36":{"start":{"line":82,"column":6},"end":{"line":90,"column":9}},"37":{"start":{"line":84,"column":10},"end":{"line":87,"column":12}},"38":{"start":{"line":89,"column":41},"end":{"line":89,"column":89}},"39":{"start":{"line":92,"column":6},"end":{"line":95,"column":9}},"40":{"start":{"line":97,"column":6},"end":{"line":103,"column":9}},"41":{"start":{"line":109,"column":2},"end":{"line":117,"column":28}},"42":{"start":{"line":110,"column":4},"end":{"line":112,"column":5}},"43":{"start":{"line":111,"column":6},"end":{"line":111,"column":48}},"44":{"start":{"line":119,"column":25},"end":{"line":168,"column":3}},"45":{"start":{"line":120,"column":20},"end":{"line":120,"column":38}},"46":{"start":{"line":121,"column":23},"end":{"line":121,"column":47}},"47":{"start":{"line":122,"column":4},"end":{"line":126,"column":5}},"48":{"start":{"line":123,"column":6},"end":{"line":123,"column":34}},"49":{"start":{"line":125,"column":6},"end":{"line":125,"column":31}},"50":{"start":{"line":127,"column":4},"end":{"line":127,"column":26}},"51":{"start":{"line":130,"column":4},"end":{"line":143,"column":5}},"52":{"start":{"line":131,"column":6},"end":{"line":134,"column":8}},"53":{"start":{"line":136,"column":6},"end":{"line":142,"column":9}},"54":{"start":{"line":147,"column":4},"end":{"line":167,"column":5}},"55":{"start":{"line":148,"column":6},"end":{"line":166,"column":7}},"56":{"start":{"line":149,"column":36},"end":{"line":149,"column":60}},"57":{"start":{"line":150,"column":8},"end":{"line":157,"column":9}},"58":{"start":{"line":151,"column":10},"end":{"line":151,"column":65}},"59":{"start":{"line":153,"column":10},"end":{"line":156,"column":13}},"60":{"start":{"line":159,"column":8},"end":{"line":165,"column":11}},"61":{"start":{"line":170,"column":22},"end":{"line":170,"column":73}},"62":{"start":{"line":170,"column":47},"end":{"line":170,"column":73}},"63":{"start":{"line":171,"column":23},"end":{"line":171,"column":50}},"64":{"start":{"line":171,"column":29},"end":{"line":171,"column":50}},"65":{"start":{"line":173,"column":2},"end":{"line":185,"column":4}}},"fnMap":{"0":{"name":"(anonymous_0)","decl":{"start":{"line":18,"column":15},"end":{"line":18,"column":16}},"loc":{"start":{"line":18,"column":21},"end":{"line":18,"column":26}},"line":18},"1":{"name":"(anonymous_1)","decl":{"start":{"line":19,"column":18},"end":{"line":19,"column":19}},"loc":{"start":{"line":19,"column":30},"end":{"line":19,"column":32}},"line":19},"2":{"name":"(anonymous_2)","decl":{"start":{"line":20,"column":16},"end":{"line":20,"column":17}},"loc":{"start":{"line":20,"column":22},"end":{"line":20,"column":24}},"line":20},"3":{"name":"(anonymous_3)","decl":{"start":{"line":24,"column":28},"end":{"line":24,"column":29}},"loc":{"start":{"line":24,"column":34},"end":{"line":30,"column":1}},"line":24},"4":{"name":"(anonymous_4)","decl":{"start":{"line":34,"column":68},"end":{"line":34,"column":69}},"loc":{"start":{"line":34,"column":86},"end":{"line":186,"column":1}},"line":34},"5":{"name":"(anonymous_5)","decl":{"start":{"line":40,"column":12},"end":{"line":40,"column":13}},"loc":{"start":{"line":40,"column":18},"end":{"line":60,"column":3}},"line":40},"6":{"name":"(anonymous_6)","decl":{"start":{"line":41,"column":26},"end":{"line":41,"column":27}},"loc":{"start":{"line":41,"column":38},"end":{"line":58,"column":5}},"line":41},"7":{"name":"(anonymous_7)","decl":{"start":{"line":65,"column":33},"end":{"line":65,"column":34}},"loc":{"start":{"line":65,"column":39},"end":{"line":65,"column":83}},"line":65},"8":{"name":"(anonymous_8)","decl":{"start":{"line":73,"column":41},"end":{"line":73,"column":42}},"loc":{"start":{"line":73,"column":73},"end":{"line":105,"column":3}},"line":73},"9":{"name":"(anonymous_9)","decl":{"start":{"line":77,"column":52},"end":{"line":77,"column":53}},"loc":{"start":{"line":77,"column":59},"end":{"line":77,"column":63}},"line":77},"10":{"name":"(anonymous_10)","decl":{"start":{"line":79,"column":47},"end":{"line":79,"column":48}},"loc":{"start":{"line":79,"column":57},"end":{"line":79,"column":79}},"line":79},"11":{"name":"(anonymous_11)","decl":{"start":{"line":80,"column":54},"end":{"line":80,"column":55}},"loc":{"start":{"line":80,"column":64},"end":{"line":80,"column":82}},"line":80},"12":{"name":"(anonymous_12)","decl":{"start":{"line":83,"column":21},"end":{"line":83,"column":22}},"loc":{"start":{"line":84,"column":10},"end":{"line":87,"column":12}},"line":84},"13":{"name":"(anonymous_13)","decl":{"start":{"line":89,"column":24},"end":{"line":89,"column":25}},"loc":{"start":{"line":89,"column":41},"end":{"line":89,"column":89}},"line":89},"14":{"name":"(anonymous_14)","decl":{"start":{"line":109,"column":12},"end":{"line":109,"column":13}},"loc":{"start":{"line":109,"column":18},"end":{"line":117,"column":3}},"line":109},"15":{"name":"(anonymous_15)","decl":{"start":{"line":119,"column":25},"end":{"line":119,"column":26}},"loc":{"start":{"line":119,"column":56},"end":{"line":168,"column":3}},"line":119},"16":{"name":"(anonymous_16)","decl":{"start":{"line":170,"column":22},"end":{"line":170,"column":23}},"loc":{"start":{"line":170,"column":47},"end":{"line":170,"column":73}},"line":170},"17":{"name":"(anonymous_17)","decl":{"start":{"line":171,"column":23},"end":{"line":171,"column":24}},"loc":{"start":{"line":171,"column":29},"end":{"line":171,"column":50}},"line":171}},"branchMap":{"0":{"loc":{"start":{"line":26,"column":2},"end":{"line":28,"column":3}},"type":"if","locations":[{"start":{"line":26,"column":2},"end":{"line":28,"column":3}},{"start":{},"end":{}}],"line":26},"1":{"loc":{"start":{"line":44,"column":8},"end":{"line":46,"column":9}},"type":"if","locations":[{"start":{"line":44,"column":8},"end":{"line":46,"column":9}},{"start":{},"end":{}}],"line":44},"2":{"loc":{"start":{"line":53,"column":19},"end":{"line":53,"column":73}},"type":"cond-expr","locations":[{"start":{"line":53,"column":44},"end":{"line":53,"column":57}},{"start":{"line":53,"column":60},"end":{"line":53,"column":73}}],"line":53},"3":{"loc":{"start":{"line":101,"column":17},"end":{"line":101,"column":71}},"type":"cond-expr","locations":[{"start":{"line":101,"column":42},"end":{"line":101,"column":55}},{"start":{"line":101,"column":58},"end":{"line":101,"column":71}}],"line":101},"4":{"loc":{"start":{"line":110,"column":4},"end":{"line":112,"column":5}},"type":"if","locations":[{"start":{"line":110,"column":4},"end":{"line":112,"column":5}},{"start":{},"end":{}}],"line":110},"5":{"loc":{"start":{"line":122,"column":4},"end":{"line":126,"column":5}},"type":"if","locations":[{"start":{"line":122,"column":4},"end":{"line":126,"column":5}},{"start":{"line":124,"column":11},"end":{"line":126,"column":5}}],"line":122},"6":{"loc":{"start":{"line":140,"column":17},"end":{"line":140,"column":71}},"type":"cond-expr","locations":[{"start":{"line":140,"column":42},"end":{"line":140,"column":55}},{"start":{"line":140,"column":58},"end":{"line":140,"column":71}}],"line":140},"7":{"loc":{"start":{"line":147,"column":4},"end":{"line":167,"column":5}},"type":"if","locations":[{"start":{"line":147,"column":4},"end":{"line":167,"column":5}},{"start":{},"end":{}}],"line":147},"8":{"loc":{"start":{"line":150,"column":8},"end":{"line":157,"column":9}},"type":"if","locations":[{"start":{"line":150,"column":8},"end":{"line":157,"column":9}},{"start":{"line":152,"column":15},"end":{"line":157,"column":9}}],"line":150},"9":{"loc":{"start":{"line":163,"column":19},"end":{"line":163,"column":73}},"type":"cond-expr","locations":[{"start":{"line":163,"column":44},"end":{"line":163,"column":57}},{"start":{"line":163,"column":60},"end":{"line":163,"column":73}}],"line":163}},"s":{"0":0,"1":0,"2":0,"3":0,"4":0,"5":0,"6":0,"7":0,"8":0,"9":0,"10":0,"11":0,"12":0,"13":0,"14":0,"15":0,"16":0,"17":0,"18":0,"19":0,"20":0,"21":0,"22":0,"23":0,"24":0,"25":0,"26":0,"27":0,"28":0,"29":0,"30":0,"31":0,"32":0,"33":0,"34":0,"35":0,"36":0,"37":0,"38":0,"39":0,"40":0,"41":0,"42":0,"43":0,"44":0,"45":0,"46":0,"47":0,"48":0,"49":0,"50":0,"51":0,"52":0,"53":0,"54":0,"55":0,"56":0,"57":0,"58":0,"59":0,"60":0,"61":0,"62":0,"63":0,"64":0,"65":0},"f":{"0":0,"1":0,"2":0,"3":0,"4":0,"5":0,"6":0,"7":0,"8":0,"9":0,"10":0,"11":0,"12":0,"13":0,"14":0,"15":0,"16":0,"17":0},"b":{"0":[0,0],"1":[0,0],"2":[0,0],"3":[0,0],"4":[0,0],"5":[0,0],"6":[0,0],"7":[0,0],"8":[0,0],"9":[0,0]}}
,"/Users/rafalciesielski/Developer/WorldExplorer/context/PremiumContext.tsx": {"path":"/Users/rafalciesielski/Developer/WorldExplorer/context/PremiumContext.tsx","statementMap":{"0":{"start":{"line":11,"column":24},"end":{"line":11,"column":74}},"1":{"start":{"line":13,"column":2},"end":{"line":13,"column":64}},"2":{"start":{"line":15,"column":2},"end":{"line":16,"column":34}},"3":{"start":{"line":18,"column":64},"end":{"line":21,"column":1}},"4":{"start":{"line":38,"column":23},"end":{"line":50,"column":2}},"5":{"start":{"line":47,"column":31},"end":{"line":47,"column":36}},"6":{"start":{"line":49,"column":32},"end":{"line":49,"column":37}},"7":{"start":{"line":52,"column":30},"end":{"line":53,"column":71}},"8":{"start":{"line":53,"column":2},"end":{"line":53,"column":71}},"9":{"start":{"line":55,"column":26},"end":{"line":70,"column":1}},"10":{"start":{"line":58,"column":26},"end":{"line":58,"column":44}},"11":{"start":{"line":59,"column":28},"end":{"line":59,"column":68}},"12":{"start":{"line":61,"column":2},"end":{"line":69,"column":4}},"13":{"start":{"line":64,"column":8},"end":{"line":64,"column":67}},"14":{"start":{"line":72,"column":25},"end":{"line":73,"column":67}},"15":{"start":{"line":73,"column":2},"end":{"line":73,"column":67}},"16":{"start":{"line":75,"column":24},"end":{"line":78,"column":14}},"17":{"start":{"line":76,"column":2},"end":{"line":78,"column":14}},"18":{"start":{"line":80,"column":29},"end":{"line":81,"column":57}},"19":{"start":{"line":81,"column":2},"end":{"line":81,"column":57}},"20":{"start":{"line":83,"column":28},"end":{"line":89,"column":1}},"21":{"start":{"line":84,"column":2},"end":{"line":86,"column":3}},"22":{"start":{"line":85,"column":4},"end":{"line":85,"column":21}},"23":{"start":{"line":88,"column":2},"end":{"line":88,"column":42}},"24":{"start":{"line":95,"column":63},"end":{"line":295,"column":1}},"25":{"start":{"line":96,"column":36},"end":{"line":96,"column":57}},"26":{"start":{"line":97,"column":42},"end":{"line":97,"column":63}},"27":{"start":{"line":98,"column":36},"end":{"line":98,"column":67}},"28":{"start":{"line":99,"column":42},"end":{"line":99,"column":63}},"29":{"start":{"line":100,"column":40},"end":{"line":100,"column":61}},"30":{"start":{"line":101,"column":46},"end":{"line":101,"column":91}},"31":{"start":{"line":102,"column":28},"end":{"line":102,"column":63}},"32":{"start":{"line":104,"column":28},"end":{"line":106,"column":8}},"33":{"start":{"line":105,"column":4},"end":{"line":105,"column":54}},"34":{"start":{"line":108,"column":30},"end":{"line":122,"column":39}},"35":{"start":{"line":109,"column":4},"end":{"line":111,"column":5}},"36":{"start":{"line":110,"column":6},"end":{"line":110,"column":13}},"37":{"start":{"line":113,"column":4},"end":{"line":121,"column":5}},"38":{"start":{"line":114,"column":27},"end":{"line":114,"column":60}},"39":{"start":{"line":115,"column":6},"end":{"line":115,"column":38}},"40":{"start":{"line":116,"column":6},"end":{"line":116,"column":21}},"41":{"start":{"line":118,"column":6},"end":{"line":120,"column":8}},"42":{"start":{"line":124,"column":27},"end":{"line":137,"column":20}},"43":{"start":{"line":125,"column":4},"end":{"line":127,"column":5}},"44":{"start":{"line":126,"column":6},"end":{"line":126,"column":13}},"45":{"start":{"line":129,"column":4},"end":{"line":136,"column":5}},"46":{"start":{"line":130,"column":24},"end":{"line":130,"column":54}},"47":{"start":{"line":131,"column":6},"end":{"line":131,"column":54}},"48":{"start":{"line":132,"column":6},"end":{"line":132,"column":21}},"49":{"start":{"line":134,"column":6},"end":{"line":134,"column":30}},"50":{"start":{"line":135,"column":6},"end":{"line":135,"column":85}},"51":{"start":{"line":139,"column":26},"end":{"line":168,"column":55}},"52":{"start":{"line":140,"column":4},"end":{"line":140,"column":19}},"53":{"start":{"line":142,"column":4},"end":{"line":145,"column":5}},"54":{"start":{"line":143,"column":6},"end":{"line":143,"column":48}},"55":{"start":{"line":144,"column":6},"end":{"line":144,"column":19}},"56":{"start":{"line":147,"column":4},"end":{"line":150,"column":5}},"57":{"start":{"line":148,"column":6},"end":{"line":148,"column":52}},"58":{"start":{"line":149,"column":6},"end":{"line":149,"column":19}},"59":{"start":{"line":152,"column":4},"end":{"line":152,"column":26}},"60":{"start":{"line":154,"column":4},"end":{"line":167,"column":5}},"61":{"start":{"line":155,"column":31},"end":{"line":155,"column":78}},"62":{"start":{"line":156,"column":6},"end":{"line":156,"column":38}},"63":{"start":{"line":157,"column":6},"end":{"line":157,"column":21}},"64":{"start":{"line":158,"column":6},"end":{"line":158,"column":49}},"65":{"start":{"line":160,"column":6},"end":{"line":162,"column":7}},"66":{"start":{"line":161,"column":8},"end":{"line":161,"column":77}},"67":{"start":{"line":164,"column":6},"end":{"line":164,"column":19}},"68":{"start":{"line":166,"column":6},"end":{"line":166,"column":29}},"69":{"start":{"line":170,"column":27},"end":{"line":191,"column":39}},"70":{"start":{"line":171,"column":4},"end":{"line":171,"column":19}},"71":{"start":{"line":173,"column":4},"end":{"line":176,"column":5}},"72":{"start":{"line":174,"column":6},"end":{"line":174,"column":48}},"73":{"start":{"line":175,"column":6},"end":{"line":175,"column":19}},"74":{"start":{"line":178,"column":4},"end":{"line":178,"column":25}},"75":{"start":{"line":180,"column":4},"end":{"line":190,"column":5}},"76":{"start":{"line":181,"column":27},"end":{"line":181,"column":61}},"77":{"start":{"line":182,"column":6},"end":{"line":182,"column":38}},"78":{"start":{"line":183,"column":6},"end":{"line":183,"column":21}},"79":{"start":{"line":184,"column":6},"end":{"line":184,"column":49}},"80":{"start":{"line":186,"column":6},"end":{"line":186,"column":73}},"81":{"start":{"line":187,"column":6},"end":{"line":187,"column":19}},"82":{"start":{"line":189,"column":6},"end":{"line":189,"column":28}},"83":{"start":{"line":193,"column":2},"end":{"line":260,"column":26}},"84":{"start":{"line":194,"column":20},"end":{"line":194,"column":24}},"85":{"start":{"line":196,"column":4},"end":{"line":199,"column":5}},"86":{"start":{"line":197,"column":6},"end":{"line":197,"column":26}},"87":{"start":{"line":198,"column":6},"end":{"line":198,"column":23}},"88":{"start":{"line":201,"column":19},"end":{"line":201,"column":40}},"89":{"start":{"line":203,"column":4},"end":{"line":207,"column":5}},"90":{"start":{"line":204,"column":6},"end":{"line":204,"column":26}},"91":{"start":{"line":205,"column":6},"end":{"line":205,"column":49}},"92":{"start":{"line":206,"column":6},"end":{"line":206,"column":23}},"93":{"start":{"line":209,"column":33},"end":{"line":213,"column":5}},"94":{"start":{"line":210,"column":6},"end":{"line":212,"column":7}},"95":{"start":{"line":211,"column":8},"end":{"line":211,"column":40}},"96":{"start":{"line":215,"column":31},"end":{"line":252,"column":5}},"97":{"start":{"line":216,"column":6},"end":{"line":251,"column":7}},"98":{"start":{"line":217,"column":8},"end":{"line":217,"column":74}},"99":{"start":{"line":218,"column":8},"end":{"line":218,"column":40}},"100":{"start":{"line":219,"column":8},"end":{"line":219,"column":70}},"101":{"start":{"line":221,"column":29},"end":{"line":221,"column":62}},"102":{"start":{"line":223,"column":8},"end":{"line":227,"column":9}},"103":{"start":{"line":224,"column":10},"end":{"line":224,"column":42}},"104":{"start":{"line":225,"column":10},"end":{"line":225,"column":32}},"105":{"start":{"line":226,"column":10},"end":{"line":226,"column":25}},"106":{"start":{"line":229,"column":8},"end":{"line":242,"column":9}},"107":{"start":{"line":230,"column":28},"end":{"line":230,"column":58}},"108":{"start":{"line":232,"column":10},"end":{"line":234,"column":11}},"109":{"start":{"line":233,"column":12},"end":{"line":233,"column":60}},"110":{"start":{"line":236,"column":10},"end":{"line":241,"column":11}},"111":{"start":{"line":237,"column":12},"end":{"line":237,"column":36}},"112":{"start":{"line":238,"column":12},"end":{"line":240,"column":14}},"113":{"start":{"line":244,"column":8},"end":{"line":246,"column":9}},"114":{"start":{"line":245,"column":10},"end":{"line":245,"column":84}},"115":{"start":{"line":248,"column":8},"end":{"line":250,"column":9}},"116":{"start":{"line":249,"column":10},"end":{"line":249,"column":30}},"117":{"start":{"line":254,"column":4},"end":{"line":254,"column":25}},"118":{"start":{"line":256,"column":4},"end":{"line":259,"column":6}},"119":{"start":{"line":257,"column":6},"end":{"line":257,"column":24}},"120":{"start":{"line":258,"column":6},"end":{"line":258,"column":71}},"121":{"start":{"line":262,"column":16},"end":{"line":290,"column":3}},"122":{"start":{"line":263,"column":11},"end":{"line":276,"column":5}},"123":{"start":{"line":292,"column":2},"end":{"line":294,"column":4}},"124":{"start":{"line":297,"column":26},"end":{"line":297,"column":64}},"125":{"start":{"line":297,"column":32},"end":{"line":297,"column":64}}},"fnMap":{"0":{"name":"(anonymous_0)","decl":{"start":{"line":47,"column":19},"end":{"line":47,"column":20}},"loc":{"start":{"line":47,"column":31},"end":{"line":47,"column":36}},"line":47},"1":{"name":"(anonymous_1)","decl":{"start":{"line":48,"column":23},"end":{"line":48,"column":24}},"loc":{"start":{"line":48,"column":35},"end":{"line":48,"column":37}},"line":48},"2":{"name":"(anonymous_2)","decl":{"start":{"line":49,"column":20},"end":{"line":49,"column":21}},"loc":{"start":{"line":49,"column":32},"end":{"line":49,"column":37}},"line":49},"3":{"name":"(anonymous_3)","decl":{"start":{"line":52,"column":30},"end":{"line":52,"column":31}},"loc":{"start":{"line":53,"column":2},"end":{"line":53,"column":71}},"line":53},"4":{"name":"(anonymous_4)","decl":{"start":{"line":55,"column":26},"end":{"line":55,"column":27}},"loc":{"start":{"line":57,"column":30},"end":{"line":70,"column":1}},"line":57},"5":{"name":"(anonymous_5)","decl":{"start":{"line":63,"column":6},"end":{"line":63,"column":7}},"loc":{"start":{"line":64,"column":8},"end":{"line":64,"column":67}},"line":64},"6":{"name":"(anonymous_6)","decl":{"start":{"line":72,"column":25},"end":{"line":72,"column":26}},"loc":{"start":{"line":73,"column":2},"end":{"line":73,"column":67}},"line":73},"7":{"name":"(anonymous_7)","decl":{"start":{"line":75,"column":24},"end":{"line":75,"column":25}},"loc":{"start":{"line":76,"column":2},"end":{"line":78,"column":14}},"line":76},"8":{"name":"(anonymous_8)","decl":{"start":{"line":80,"column":29},"end":{"line":80,"column":30}},"loc":{"start":{"line":81,"column":2},"end":{"line":81,"column":57}},"line":81},"9":{"name":"(anonymous_9)","decl":{"start":{"line":83,"column":28},"end":{"line":83,"column":29}},"loc":{"start":{"line":83,"column":54},"end":{"line":89,"column":1}},"line":83},"10":{"name":"(anonymous_10)","decl":{"start":{"line":95,"column":63},"end":{"line":95,"column":64}},"loc":{"start":{"line":95,"column":81},"end":{"line":295,"column":1}},"line":95},"11":{"name":"(anonymous_11)","decl":{"start":{"line":104,"column":46},"end":{"line":104,"column":47}},"loc":{"start":{"line":104,"column":78},"end":{"line":106,"column":3}},"line":104},"12":{"name":"(anonymous_12)","decl":{"start":{"line":108,"column":48},"end":{"line":108,"column":49}},"loc":{"start":{"line":108,"column":60},"end":{"line":122,"column":3}},"line":108},"13":{"name":"(anonymous_13)","decl":{"start":{"line":124,"column":45},"end":{"line":124,"column":46}},"loc":{"start":{"line":124,"column":57},"end":{"line":137,"column":3}},"line":124},"14":{"name":"(anonymous_14)","decl":{"start":{"line":139,"column":44},"end":{"line":139,"column":45}},"loc":{"start":{"line":139,"column":56},"end":{"line":168,"column":3}},"line":139},"15":{"name":"(anonymous_15)","decl":{"start":{"line":170,"column":45},"end":{"line":170,"column":46}},"loc":{"start":{"line":170,"column":57},"end":{"line":191,"column":3}},"line":170},"16":{"name":"(anonymous_16)","decl":{"start":{"line":193,"column":18},"end":{"line":193,"column":19}},"loc":{"start":{"line":193,"column":24},"end":{"line":260,"column":3}},"line":193},"17":{"name":"(anonymous_17)","decl":{"start":{"line":209,"column":33},"end":{"line":209,"column":34}},"loc":{"start":{"line":209,"column":65},"end":{"line":213,"column":5}},"line":209},"18":{"name":"(anonymous_18)","decl":{"start":{"line":215,"column":31},"end":{"line":215,"column":32}},"loc":{"start":{"line":215,"column":43},"end":{"line":252,"column":5}},"line":215},"19":{"name":"(anonymous_19)","decl":{"start":{"line":256,"column":11},"end":{"line":256,"column":12}},"loc":{"start":{"line":256,"column":17},"end":{"line":259,"column":5}},"line":256},"20":{"name":"(anonymous_20)","decl":{"start":{"line":263,"column":4},"end":{"line":263,"column":5}},"loc":{"start":{"line":263,"column":11},"end":{"line":276,"column":5}},"line":263},"21":{"name":"(anonymous_21)","decl":{"start":{"line":297,"column":26},"end":{"line":297,"column":27}},"loc":{"start":{"line":297,"column":32},"end":{"line":297,"column":64}},"line":297}},"branchMap":{"0":{"loc":{"start":{"line":13,"column":2},"end":{"line":13,"column":64}},"type":"binary-expr","locations":[{"start":{"line":13,"column":2},"end":{"line":13,"column":51}},{"start":{"line":13,"column":55},"end":{"line":13,"column":64}}],"line":13},"1":{"loc":{"start":{"line":15,"column":2},"end":{"line":16,"column":34}},"type":"binary-expr","locations":[{"start":{"line":15,"column":2},"end":{"line":15,"column":55}},{"start":{"line":16,"column":2},"end":{"line":16,"column":34}}],"line":15},"2":{"loc":{"start":{"line":59,"column":28},"end":{"line":59,"column":68}},"type":"binary-expr","locations":[{"start":{"line":59,"column":28},"end":{"line":59,"column":62}},{"start":{"line":59,"column":66},"end":{"line":59,"column":68}}],"line":59},"3":{"loc":{"start":{"line":62,"column":4},"end":{"line":68,"column":8}},"type":"binary-expr","locations":[{"start":{"line":62,"column":4},"end":{"line":65,"column":5}},{"start":{"line":66,"column":4},"end":{"line":66,"column":29}},{"start":{"line":67,"column":4},"end":{"line":67,"column":24}},{"start":{"line":68,"column":4},"end":{"line":68,"column":8}}],"line":62},"4":{"loc":{"start":{"line":73,"column":2},"end":{"line":73,"column":67}},"type":"binary-expr","locations":[{"start":{"line":73,"column":2},"end":{"line":73,"column":27}},{"start":{"line":73,"column":31},"end":{"line":73,"column":45}},{"start":{"line":73,"column":49},"end":{"line":73,"column":67}}],"line":73},"5":{"loc":{"start":{"line":76,"column":2},"end":{"line":78,"column":14}},"type":"cond-expr","locations":[{"start":{"line":77,"column":6},"end":{"line":77,"column":19}},{"start":{"line":78,"column":6},"end":{"line":78,"column":14}}],"line":76},"6":{"loc":{"start":{"line":76,"column":2},"end":{"line":76,"column":79}},"type":"binary-expr","locations":[{"start":{"line":76,"column":2},"end":{"line":76,"column":25}},{"start":{"line":76,"column":29},"end":{"line":76,"column":62}},{"start":{"line":76,"column":66},"end":{"line":76,"column":79}}],"line":76},"7":{"loc":{"start":{"line":81,"column":2},"end":{"line":81,"column":57}},"type":"binary-expr","locations":[{"start":{"line":81,"column":2},"end":{"line":81,"column":25}},{"start":{"line":81,"column":29},"end":{"line":81,"column":57}}],"line":81},"8":{"loc":{"start":{"line":84,"column":2},"end":{"line":86,"column":3}},"type":"if","locations":[{"start":{"line":84,"column":2},"end":{"line":86,"column":3}},{"start":{},"end":{}}],"line":84},"9":{"loc":{"start":{"line":84,"column":6},"end":{"line":84,"column":56}},"type":"binary-expr","locations":[{"start":{"line":84,"column":6},"end":{"line":84,"column":31}},{"start":{"line":84,"column":35},"end":{"line":84,"column":56}}],"line":84},"10":{"loc":{"start":{"line":109,"column":4},"end":{"line":111,"column":5}},"type":"if","locations":[{"start":{"line":109,"column":4},"end":{"line":111,"column":5}},{"start":{},"end":{}}],"line":109},"11":{"loc":{"start":{"line":125,"column":4},"end":{"line":127,"column":5}},"type":"if","locations":[{"start":{"line":125,"column":4},"end":{"line":127,"column":5}},{"start":{},"end":{}}],"line":125},"12":{"loc":{"start":{"line":142,"column":4},"end":{"line":145,"column":5}},"type":"if","locations":[{"start":{"line":142,"column":4},"end":{"line":145,"column":5}},{"start":{},"end":{}}],"line":142},"13":{"loc":{"start":{"line":147,"column":4},"end":{"line":150,"column":5}},"type":"if","locations":[{"start":{"line":147,"column":4},"end":{"line":150,"column":5}},{"start":{},"end":{}}],"line":147},"14":{"loc":{"start":{"line":160,"column":6},"end":{"line":162,"column":7}},"type":"if","locations":[{"start":{"line":160,"column":6},"end":{"line":162,"column":7}},{"start":{},"end":{}}],"line":160},"15":{"loc":{"start":{"line":173,"column":4},"end":{"line":176,"column":5}},"type":"if","locations":[{"start":{"line":173,"column":4},"end":{"line":176,"column":5}},{"start":{},"end":{}}],"line":173},"16":{"loc":{"start":{"line":196,"column":4},"end":{"line":199,"column":5}},"type":"if","locations":[{"start":{"line":196,"column":4},"end":{"line":199,"column":5}},{"start":{},"end":{}}],"line":196},"17":{"loc":{"start":{"line":203,"column":4},"end":{"line":207,"column":5}},"type":"if","locations":[{"start":{"line":203,"column":4},"end":{"line":207,"column":5}},{"start":{},"end":{}}],"line":203},"18":{"loc":{"start":{"line":210,"column":6},"end":{"line":212,"column":7}},"type":"if","locations":[{"start":{"line":210,"column":6},"end":{"line":212,"column":7}},{"start":{},"end":{}}],"line":210},"19":{"loc":{"start":{"line":217,"column":30},"end":{"line":217,"column":72}},"type":"cond-expr","locations":[{"start":{"line":217,"column":40},"end":{"line":217,"column":55}},{"start":{"line":217,"column":58},"end":{"line":217,"column":72}}],"line":217},"20":{"loc":{"start":{"line":223,"column":8},"end":{"line":227,"column":9}},"type":"if","locations":[{"start":{"line":223,"column":8},"end":{"line":227,"column":9}},{"start":{},"end":{}}],"line":223},"21":{"loc":{"start":{"line":232,"column":10},"end":{"line":234,"column":11}},"type":"if","locations":[{"start":{"line":232,"column":10},"end":{"line":234,"column":11}},{"start":{},"end":{}}],"line":232},"22":{"loc":{"start":{"line":236,"column":10},"end":{"line":241,"column":11}},"type":"if","locations":[{"start":{"line":236,"column":10},"end":{"line":241,"column":11}},{"start":{},"end":{}}],"line":236},"23":{"loc":{"start":{"line":244,"column":8},"end":{"line":246,"column":9}},"type":"if","locations":[{"start":{"line":244,"column":8},"end":{"line":246,"column":9}},{"start":{},"end":{}}],"line":244},"24":{"loc":{"start":{"line":248,"column":8},"end":{"line":250,"column":9}},"type":"if","locations":[{"start":{"line":248,"column":8},"end":{"line":250,"column":9}},{"start":{},"end":{}}],"line":248}},"s":{"0":0,"1":0,"2":0,"3":0,"4":0,"5":0,"6":0,"7":0,"8":0,"9":0,"10":0,"11":0,"12":0,"13":0,"14":0,"15":0,"16":0,"17":0,"18":0,"19":0,"20":0,"21":0,"22":0,"23":0,"24":0,"25":0,"26":0,"27":0,"28":0,"29":0,"30":0,"31":0,"32":0,"33":0,"34":0,"35":0,"36":0,"37":0,"38":0,"39":0,"40":0,"41":0,"42":0,"43":0,"44":0,"45":0,"46":0,"47":0,"48":0,"49":0,"50":0,"51":0,"52":0,"53":0,"54":0,"55":0,"56":0,"57":0,"58":0,"59":0,"60":0,"61":0,"62":0,"63":0,"64":0,"65":0,"66":0,"67":0,"68":0,"69":0,"70":0,"71":0,"72":0,"73":0,"74":0,"75":0,"76":0,"77":0,"78":0,"79":0,"80":0,"81":0,"82":0,"83":0,"84":0,"85":0,"86":0,"87":0,"88":0,"89":0,"90":0,"91":0,"92":0,"93":0,"94":0,"95":0,"96":0,"97":0,"98":0,"99":0,"100":0,"101":0,"102":0,"103":0,"104":0,"105":0,"106":0,"107":0,"108":0,"109":0,"110":0,"111":0,"112":0,"113":0,"114":0,"115":0,"116":0,"117":0,"118":0,"119":0,"120":0,"121":0,"122":0,"123":0,"124":0,"125":0},"f":{"0":0,"1":0,"2":0,"3":0,"4":0,"5":0,"6":0,"7":0,"8":0,"9":0,"10":0,"11":0,"12":0,"13":0,"14":0,"15":0,"16":0,"17":0,"18":0,"19":0,"20":0,"21":0},"b":{"0":[0,0],"1":[0,0],"2":[0,0],"3":[0,0,0,0],"4":[0,0,0],"5":[0,0],"6":[0,0,0],"7":[0,0],"8":[0,0],"9":[0,0],"10":[0,0],"11":[0,0],"12":[0,0],"13":[0,0],"14":[0,0],"15":[0,0],"16":[0,0],"17":[0,0],"18":[0,0],"19":[0,0],"20":[0,0],"21":[0,0],"22":[0,0],"23":[0,0],"24":[0,0]}}
,"/Users/rafalciesielski/Developer/WorldExplorer/context/QuizHistoryContext.tsx": {"path":"/Users/rafalciesielski/Developer/WorldExplorer/context/QuizHistoryContext.tsx","statementMap":{"0":{"start":{"line":28,"column":27},"end":{"line":39,"column":2}},"1":{"start":{"line":30,"column":19},"end":{"line":35,"column":3}},"2":{"start":{"line":36,"column":21},"end":{"line":36,"column":23}},"3":{"start":{"line":41,"column":30},"end":{"line":47,"column":1}},"4":{"start":{"line":42,"column":18},"end":{"line":42,"column":54}},"5":{"start":{"line":43,"column":2},"end":{"line":45,"column":3}},"6":{"start":{"line":44,"column":4},"end":{"line":44,"column":78}},"7":{"start":{"line":46,"column":2},"end":{"line":46,"column":17}},"8":{"start":{"line":49,"column":34},"end":{"line":49,"column":63}},"9":{"start":{"line":57,"column":12},"end":{"line":57,"column":31}},"10":{"start":{"line":58,"column":2},"end":{"line":60,"column":23}},"11":{"start":{"line":65,"column":29},"end":{"line":65,"column":55}},"12":{"start":{"line":66,"column":2},"end":{"line":66,"column":40}},"13":{"start":{"line":77,"column":2},"end":{"line":77,"column":38}},"14":{"start":{"line":77,"column":29},"end":{"line":77,"column":38}},"15":{"start":{"line":79,"column":25},"end":{"line":81,"column":48}},"16":{"start":{"line":80,"column":32},"end":{"line":80,"column":59}},"17":{"start":{"line":81,"column":20},"end":{"line":81,"column":46}},"18":{"start":{"line":83,"column":19},"end":{"line":83,"column":45}},"19":{"start":{"line":84,"column":20},"end":{"line":84,"column":30}},"20":{"start":{"line":85,"column":2},"end":{"line":85,"column":45}},"21":{"start":{"line":86,"column":23},"end":{"line":86,"column":58}},"22":{"start":{"line":88,"column":24},"end":{"line":88,"column":41}},"23":{"start":{"line":89,"column":2},"end":{"line":91,"column":3}},"24":{"start":{"line":90,"column":4},"end":{"line":90,"column":13}},"25":{"start":{"line":93,"column":15},"end":{"line":93,"column":16}},"26":{"start":{"line":94,"column":15},"end":{"line":94,"column":47}},"27":{"start":{"line":95,"column":2},"end":{"line":106,"column":3}},"28":{"start":{"line":95,"column":15},"end":{"line":95,"column":16}},"29":{"start":{"line":96,"column":28},"end":{"line":96,"column":44}},"30":{"start":{"line":97,"column":4},"end":{"line":97,"column":59}},"31":{"start":{"line":98,"column":31},"end":{"line":98,"column":72}},"32":{"start":{"line":100,"column":4},"end":{"line":105,"column":5}},"33":{"start":{"line":101,"column":6},"end":{"line":101,"column":15}},"34":{"start":{"line":102,"column":6},"end":{"line":102,"column":31}},"35":{"start":{"line":104,"column":6},"end":{"line":104,"column":12}},"36":{"start":{"line":108,"column":2},"end":{"line":108,"column":16}},"37":{"start":{"line":111,"column":70},"end":{"line":278,"column":1}},"38":{"start":{"line":114,"column":34},"end":{"line":114,"column":61}},"39":{"start":{"line":115,"column":36},"end":{"line":115,"column":50}},"40":{"start":{"line":118,"column":2},"end":{"line":138,"column":9}},"41":{"start":{"line":119,"column":25},"end":{"line":136,"column":5}},"42":{"start":{"line":120,"column":6},"end":{"line":135,"column":7}},"43":{"start":{"line":121,"column":23},"end":{"line":121,"column":76}},"44":{"start":{"line":122,"column":8},"end":{"line":124,"column":9}},"45":{"start":{"line":123,"column":10},"end":{"line":123,"column":42}},"46":{"start":{"line":125,"column":8},"end":{"line":125,"column":28}},"47":{"start":{"line":127,"column":8},"end":{"line":133,"column":11}},"48":{"start":{"line":134,"column":8},"end":{"line":134,"column":28}},"49":{"start":{"line":137,"column":4},"end":{"line":137,"column":19}},"50":{"start":{"line":143,"column":25},"end":{"line":163,"column":8}},"51":{"start":{"line":144,"column":4},"end":{"line":151,"column":5}},"52":{"start":{"line":145,"column":6},"end":{"line":150,"column":8}},"53":{"start":{"line":153,"column":22},"end":{"line":153,"column":65}},"54":{"start":{"line":153,"column":56},"end":{"line":153,"column":63}},"55":{"start":{"line":154,"column":25},"end":{"line":154,"column":72}},"56":{"start":{"line":154,"column":59},"end":{"line":154,"column":70}},"57":{"start":{"line":155,"column":26},"end":{"line":155,"column":55}},"58":{"start":{"line":157,"column":4},"end":{"line":162,"column":6}},"59":{"start":{"line":168,"column":25},"end":{"line":191,"column":8}},"60":{"start":{"line":169,"column":4},"end":{"line":190,"column":5}},"61":{"start":{"line":172,"column":21},"end":{"line":172,"column":31}},"62":{"start":{"line":178,"column":6},"end":{"line":181,"column":9}},"63":{"start":{"line":183,"column":6},"end":{"line":189,"column":9}},"64":{"start":{"line":196,"column":25},"end":{"line":226,"column":22}},"65":{"start":{"line":199,"column":36},"end":{"line":202,"column":5}},"66":{"start":{"line":204,"column":4},"end":{"line":225,"column":7}},"67":{"start":{"line":205,"column":22},"end":{"line":205,"column":51}},"68":{"start":{"line":208,"column":6},"end":{"line":219,"column":9}},"69":{"start":{"line":212,"column":8},"end":{"line":218,"column":11}},"70":{"start":{"line":222,"column":6},"end":{"line":222,"column":30}},"71":{"start":{"line":224,"column":6},"end":{"line":224,"column":21}},"72":{"start":{"line":231,"column":19},"end":{"line":233,"column":32}},"73":{"start":{"line":232,"column":4},"end":{"line":232,"column":36}},"74":{"start":{"line":238,"column":22},"end":{"line":240,"column":16}},"75":{"start":{"line":239,"column":4},"end":{"line":239,"column":25}},"76":{"start":{"line":245,"column":23},"end":{"line":260,"column":8}},"77":{"start":{"line":246,"column":4},"end":{"line":246,"column":20}},"78":{"start":{"line":248,"column":4},"end":{"line":259,"column":5}},"79":{"start":{"line":249,"column":6},"end":{"line":249,"column":63}},"80":{"start":{"line":251,"column":6},"end":{"line":257,"column":9}},"81":{"start":{"line":258,"column":6},"end":{"line":258,"column":18}},"82":{"start":{"line":262,"column":16},"end":{"line":271,"column":3}},"83":{"start":{"line":263,"column":11},"end":{"line":269,"column":5}},"84":{"start":{"line":273,"column":2},"end":{"line":277,"column":4}}},"fnMap":{"0":{"name":"(anonymous_0)","decl":{"start":{"line":29,"column":18},"end":{"line":29,"column":19}},"loc":{"start":{"line":29,"column":30},"end":{"line":29,"column":32}},"line":29},"1":{"name":"(anonymous_1)","decl":{"start":{"line":30,"column":12},"end":{"line":30,"column":13}},"loc":{"start":{"line":30,"column":19},"end":{"line":35,"column":3}},"line":30},"2":{"name":"(anonymous_2)","decl":{"start":{"line":36,"column":15},"end":{"line":36,"column":16}},"loc":{"start":{"line":36,"column":21},"end":{"line":36,"column":23}},"line":36},"3":{"name":"(anonymous_3)","decl":{"start":{"line":37,"column":16},"end":{"line":37,"column":17}},"loc":{"start":{"line":37,"column":28},"end":{"line":37,"column":30}},"line":37},"4":{"name":"(anonymous_4)","decl":{"start":{"line":41,"column":30},"end":{"line":41,"column":31}},"loc":{"start":{"line":41,"column":36},"end":{"line":47,"column":1}},"line":41},"5":{"name":"toLocalDateKey","decl":{"start":{"line":56,"column":9},"end":{"line":56,"column":23}},"loc":{"start":{"line":56,"column":51},"end":{"line":61,"column":1}},"line":56},"6":{"name":"parseLocalDateKey","decl":{"start":{"line":64,"column":9},"end":{"line":64,"column":26}},"loc":{"start":{"line":64,"column":46},"end":{"line":67,"column":1}},"line":64},"7":{"name":"calculateStreak","decl":{"start":{"line":76,"column":16},"end":{"line":76,"column":31}},"loc":{"start":{"line":76,"column":65},"end":{"line":109,"column":1}},"line":76},"8":{"name":"(anonymous_8)","decl":{"start":{"line":80,"column":25},"end":{"line":80,"column":26}},"loc":{"start":{"line":80,"column":32},"end":{"line":80,"column":59}},"line":80},"9":{"name":"(anonymous_9)","decl":{"start":{"line":81,"column":9},"end":{"line":81,"column":10}},"loc":{"start":{"line":81,"column":20},"end":{"line":81,"column":46}},"line":81},"10":{"name":"(anonymous_10)","decl":{"start":{"line":111,"column":70},"end":{"line":111,"column":71}},"loc":{"start":{"line":113,"column":6},"end":{"line":278,"column":1}},"line":113},"11":{"name":"(anonymous_11)","decl":{"start":{"line":118,"column":12},"end":{"line":118,"column":13}},"loc":{"start":{"line":118,"column":18},"end":{"line":138,"column":3}},"line":118},"12":{"name":"(anonymous_12)","decl":{"start":{"line":119,"column":25},"end":{"line":119,"column":26}},"loc":{"start":{"line":119,"column":37},"end":{"line":136,"column":5}},"line":119},"13":{"name":"(anonymous_13)","decl":{"start":{"line":143,"column":43},"end":{"line":143,"column":44}},"loc":{"start":{"line":143,"column":87},"end":{"line":163,"column":3}},"line":143},"14":{"name":"(anonymous_14)","decl":{"start":{"line":153,"column":51},"end":{"line":153,"column":52}},"loc":{"start":{"line":153,"column":56},"end":{"line":153,"column":63}},"line":153},"15":{"name":"(anonymous_15)","decl":{"start":{"line":154,"column":54},"end":{"line":154,"column":55}},"loc":{"start":{"line":154,"column":59},"end":{"line":154,"column":70}},"line":154},"16":{"name":"(anonymous_16)","decl":{"start":{"line":168,"column":43},"end":{"line":168,"column":44}},"loc":{"start":{"line":168,"column":82},"end":{"line":191,"column":3}},"line":168},"17":{"name":"(anonymous_17)","decl":{"start":{"line":196,"column":43},"end":{"line":196,"column":44}},"loc":{"start":{"line":198,"column":22},"end":{"line":226,"column":3}},"line":198},"18":{"name":"(anonymous_18)","decl":{"start":{"line":204,"column":16},"end":{"line":204,"column":17}},"loc":{"start":{"line":204,"column":32},"end":{"line":225,"column":5}},"line":204},"19":{"name":"(anonymous_19)","decl":{"start":{"line":211,"column":14},"end":{"line":211,"column":15}},"loc":{"start":{"line":211,"column":23},"end":{"line":219,"column":7}},"line":211},"20":{"name":"(anonymous_20)","decl":{"start":{"line":231,"column":37},"end":{"line":231,"column":38}},"loc":{"start":{"line":231,"column":54},"end":{"line":233,"column":3}},"line":231},"21":{"name":"(anonymous_21)","decl":{"start":{"line":238,"column":40},"end":{"line":238,"column":41}},"loc":{"start":{"line":238,"column":61},"end":{"line":240,"column":3}},"line":238},"22":{"name":"(anonymous_22)","decl":{"start":{"line":245,"column":41},"end":{"line":245,"column":42}},"loc":{"start":{"line":245,"column":68},"end":{"line":260,"column":3}},"line":245},"23":{"name":"(anonymous_23)","decl":{"start":{"line":263,"column":4},"end":{"line":263,"column":5}},"loc":{"start":{"line":263,"column":11},"end":{"line":269,"column":5}},"line":263}},"branchMap":{"0":{"loc":{"start":{"line":43,"column":2},"end":{"line":45,"column":3}},"type":"if","locations":[{"start":{"line":43,"column":2},"end":{"line":45,"column":3}},{"start":{},"end":{}}],"line":43},"1":{"loc":{"start":{"line":77,"column":2},"end":{"line":77,"column":38}},"type":"if","locations":[{"start":{"line":77,"column":2},"end":{"line":77,"column":38}},{"start":{},"end":{}}],"line":77},"2":{"loc":{"start":{"line":81,"column":20},"end":{"line":81,"column":46}},"type":"cond-expr","locations":[{"start":{"line":81,"column":28},"end":{"line":81,"column":29}},{"start":{"line":81,"column":32},"end":{"line":81,"column":46}}],"line":81},"3":{"loc":{"start":{"line":81,"column":32},"end":{"line":81,"column":46}},"type":"cond-expr","locations":[{"start":{"line":81,"column":40},"end":{"line":81,"column":42}},{"start":{"line":81,"column":45},"end":{"line":81,"column":46}}],"line":81},"4":{"loc":{"start":{"line":89,"column":2},"end":{"line":91,"column":3}},"type":"if","locations":[{"start":{"line":89,"column":2},"end":{"line":91,"column":3}},{"start":{},"end":{}}],"line":89},"5":{"loc":{"start":{"line":89,"column":6},"end":{"line":89,"column":66}},"type":"binary-expr","locations":[{"start":{"line":89,"column":6},"end":{"line":89,"column":32}},{"start":{"line":89,"column":36},"end":{"line":89,"column":66}}],"line":89},"6":{"loc":{"start":{"line":100,"column":4},"end":{"line":105,"column":5}},"type":"if","locations":[{"start":{"line":100,"column":4},"end":{"line":105,"column":5}},{"start":{"line":103,"column":11},"end":{"line":105,"column":5}}],"line":100},"7":{"loc":{"start":{"line":122,"column":8},"end":{"line":124,"column":9}},"type":"if","locations":[{"start":{"line":122,"column":8},"end":{"line":124,"column":9}},{"start":{},"end":{}}],"line":122},"8":{"loc":{"start":{"line":131,"column":19},"end":{"line":131,"column":73}},"type":"cond-expr","locations":[{"start":{"line":131,"column":44},"end":{"line":131,"column":57}},{"start":{"line":131,"column":60},"end":{"line":131,"column":73}}],"line":131},"9":{"loc":{"start":{"line":144,"column":4},"end":{"line":151,"column":5}},"type":"if","locations":[{"start":{"line":144,"column":4},"end":{"line":151,"column":5}},{"start":{},"end":{}}],"line":144},"10":{"loc":{"start":{"line":187,"column":17},"end":{"line":187,"column":71}},"type":"cond-expr","locations":[{"start":{"line":187,"column":42},"end":{"line":187,"column":55}},{"start":{"line":187,"column":58},"end":{"line":187,"column":71}}],"line":187},"11":{"loc":{"start":{"line":216,"column":19},"end":{"line":216,"column":73}},"type":"cond-expr","locations":[{"start":{"line":216,"column":44},"end":{"line":216,"column":57}},{"start":{"line":216,"column":60},"end":{"line":216,"column":73}}],"line":216},"12":{"loc":{"start":{"line":255,"column":17},"end":{"line":255,"column":71}},"type":"cond-expr","locations":[{"start":{"line":255,"column":42},"end":{"line":255,"column":55}},{"start":{"line":255,"column":58},"end":{"line":255,"column":71}}],"line":255}},"s":{"0":1,"1":96,"2":0,"3":1,"4":96,"5":96,"6":0,"7":96,"8":1,"9":0,"10":0,"11":0,"12":0,"13":0,"14":0,"15":0,"16":0,"17":0,"18":0,"19":0,"20":0,"21":0,"22":0,"23":0,"24":0,"25":0,"26":0,"27":0,"28":0,"29":0,"30":0,"31":0,"32":0,"33":0,"34":0,"35":0,"36":0,"37":1,"38":0,"39":0,"40":0,"41":0,"42":0,"43":0,"44":0,"45":0,"46":0,"47":0,"48":0,"49":0,"50":0,"51":0,"52":0,"53":0,"54":0,"55":0,"56":0,"57":0,"58":0,"59":0,"60":0,"61":0,"62":0,"63":0,"64":0,"65":0,"66":0,"67":0,"68":0,"69":0,"70":0,"71":0,"72":0,"73":0,"74":0,"75":0,"76":0,"77":0,"78":0,"79":0,"80":0,"81":0,"82":0,"83":0,"84":0},"f":{"0":0,"1":96,"2":0,"3":0,"4":96,"5":0,"6":0,"7":0,"8":0,"9":0,"10":0,"11":0,"12":0,"13":0,"14":0,"15":0,"16":0,"17":0,"18":0,"19":0,"20":0,"21":0,"22":0,"23":0},"b":{"0":[0,96],"1":[0,0],"2":[0,0],"3":[0,0],"4":[0,0],"5":[0,0],"6":[0,0],"7":[0,0],"8":[0,0],"9":[0,0],"10":[0,0],"11":[0,0],"12":[0,0]},"_coverageSchema":"1a1c01bbd47fc00a2c39e90264f33305004495a9","hash":"d7f0137b55e507b40ba5c616668b1d9418e3b234"}
,"/Users/rafalciesielski/Developer/WorldExplorer/context/ThemeContext.tsx": {"path":"/Users/rafalciesielski/Developer/WorldExplorer/context/ThemeContext.tsx","statementMap":{"0":{"start":{"line":18,"column":26},"end":{"line":18,"column":48}},"1":{"start":{"line":35,"column":28},"end":{"line":35,"column":82}},"2":{"start":{"line":43,"column":29},"end":{"line":144,"column":1}},"3":{"start":{"line":44,"column":23},"end":{"line":44,"column":39}},"4":{"start":{"line":45,"column":38},"end":{"line":45,"column":53}},"5":{"start":{"line":46,"column":36},"end":{"line":46,"column":50}},"6":{"start":{"line":51,"column":56},"end":{"line":51,"column":71}},"7":{"start":{"line":54,"column":2},"end":{"line":87,"column":9}},"8":{"start":{"line":55,"column":18},"end":{"line":55,"column":22}},"9":{"start":{"line":57,"column":22},"end":{"line":80,"column":5}},"10":{"start":{"line":58,"column":6},"end":{"line":79,"column":7}},"11":{"start":{"line":59,"column":22},"end":{"line":59,"column":67}},"12":{"start":{"line":60,"column":8},"end":{"line":60,"column":29}},"13":{"start":{"line":60,"column":22},"end":{"line":60,"column":29}},"14":{"start":{"line":62,"column":8},"end":{"line":68,"column":9}},"15":{"start":{"line":63,"column":10},"end":{"line":63,"column":42}},"16":{"start":{"line":64,"column":10},"end":{"line":64,"column":39}},"17":{"start":{"line":67,"column":10},"end":{"line":67,"column":49}},"18":{"start":{"line":70,"column":8},"end":{"line":70,"column":29}},"19":{"start":{"line":70,"column":22},"end":{"line":70,"column":29}},"20":{"start":{"line":71,"column":8},"end":{"line":75,"column":11}},"21":{"start":{"line":76,"column":8},"end":{"line":76,"column":47}},"22":{"start":{"line":78,"column":8},"end":{"line":78,"column":41}},"23":{"start":{"line":78,"column":21},"end":{"line":78,"column":41}},"24":{"start":{"line":82,"column":4},"end":{"line":82,"column":16}},"25":{"start":{"line":83,"column":4},"end":{"line":83,"column":38}},"26":{"start":{"line":83,"column":19},"end":{"line":83,"column":35}},"27":{"start":{"line":90,"column":2},"end":{"line":94,"column":53}},"28":{"start":{"line":91,"column":4},"end":{"line":93,"column":5}},"29":{"start":{"line":92,"column":6},"end":{"line":92,"column":45}},"30":{"start":{"line":96,"column":22},"end":{"line":112,"column":18}},"31":{"start":{"line":97,"column":17},"end":{"line":97,"column":28}},"32":{"start":{"line":98,"column":4},"end":{"line":98,"column":24}},"33":{"start":{"line":99,"column":4},"end":{"line":99,"column":33}},"34":{"start":{"line":100,"column":4},"end":{"line":111,"column":5}},"35":{"start":{"line":101,"column":6},"end":{"line":101,"column":77}},"36":{"start":{"line":103,"column":6},"end":{"line":110,"column":9}},"37":{"start":{"line":114,"column":22},"end":{"line":114,"column":57}},"38":{"start":{"line":116,"column":23},"end":{"line":125,"column":3}},"39":{"start":{"line":127,"column":34},"end":{"line":132,"column":3}},"40":{"start":{"line":135,"column":2},"end":{"line":137,"column":3}},"41":{"start":{"line":136,"column":4},"end":{"line":136,"column":28}},"42":{"start":{"line":139,"column":2},"end":{"line":143,"column":4}},"43":{"start":{"line":148,"column":24},"end":{"line":154,"column":1}},"44":{"start":{"line":149,"column":14},"end":{"line":149,"column":38}},"45":{"start":{"line":150,"column":2},"end":{"line":152,"column":3}},"46":{"start":{"line":151,"column":4},"end":{"line":151,"column":70}},"47":{"start":{"line":153,"column":2},"end":{"line":153,"column":13}}},"fnMap":{"0":{"name":"(anonymous_0)","decl":{"start":{"line":43,"column":29},"end":{"line":43,"column":30}},"loc":{"start":{"line":43,"column":67},"end":{"line":144,"column":1}},"line":43},"1":{"name":"(anonymous_1)","decl":{"start":{"line":54,"column":12},"end":{"line":54,"column":13}},"loc":{"start":{"line":54,"column":18},"end":{"line":87,"column":3}},"line":54},"2":{"name":"(anonymous_2)","decl":{"start":{"line":57,"column":22},"end":{"line":57,"column":23}},"loc":{"start":{"line":57,"column":34},"end":{"line":80,"column":5}},"line":57},"3":{"name":"(anonymous_3)","decl":{"start":{"line":83,"column":11},"end":{"line":83,"column":12}},"loc":{"start":{"line":83,"column":17},"end":{"line":83,"column":37}},"line":83},"4":{"name":"(anonymous_4)","decl":{"start":{"line":90,"column":12},"end":{"line":90,"column":13}},"loc":{"start":{"line":90,"column":18},"end":{"line":94,"column":3}},"line":90},"5":{"name":"(anonymous_5)","decl":{"start":{"line":96,"column":34},"end":{"line":96,"column":35}},"loc":{"start":{"line":96,"column":46},"end":{"line":112,"column":3}},"line":96},"6":{"name":"(anonymous_6)","decl":{"start":{"line":148,"column":24},"end":{"line":148,"column":25}},"loc":{"start":{"line":148,"column":48},"end":{"line":154,"column":1}},"line":148}},"branchMap":{"0":{"loc":{"start":{"line":60,"column":8},"end":{"line":60,"column":29}},"type":"if","locations":[{"start":{"line":60,"column":8},"end":{"line":60,"column":29}},{"start":{},"end":{}}],"line":60},"1":{"loc":{"start":{"line":62,"column":8},"end":{"line":68,"column":9}},"type":"if","locations":[{"start":{"line":62,"column":8},"end":{"line":68,"column":9}},{"start":{"line":65,"column":15},"end":{"line":68,"column":9}}],"line":62},"2":{"loc":{"start":{"line":70,"column":8},"end":{"line":70,"column":29}},"type":"if","locations":[{"start":{"line":70,"column":8},"end":{"line":70,"column":29}},{"start":{},"end":{}}],"line":70},"3":{"loc":{"start":{"line":74,"column":29},"end":{"line":74,"column":77}},"type":"cond-expr","locations":[{"start":{"line":74,"column":52},"end":{"line":74,"column":63}},{"start":{"line":74,"column":66},"end":{"line":74,"column":77}}],"line":74},"4":{"loc":{"start":{"line":78,"column":8},"end":{"line":78,"column":41}},"type":"if","locations":[{"start":{"line":78,"column":8},"end":{"line":78,"column":41}},{"start":{},"end":{}}],"line":78},"5":{"loc":{"start":{"line":91,"column":4},"end":{"line":93,"column":5}},"type":"if","locations":[{"start":{"line":91,"column":4},"end":{"line":93,"column":5}},{"start":{},"end":{}}],"line":91},"6":{"loc":{"start":{"line":91,"column":8},"end":{"line":91,"column":42}},"type":"binary-expr","locations":[{"start":{"line":91,"column":8},"end":{"line":91,"column":18}},{"start":{"line":91,"column":22},"end":{"line":91,"column":42}}],"line":91},"7":{"loc":{"start":{"line":101,"column":52},"end":{"line":101,"column":75}},"type":"cond-expr","locations":[{"start":{"line":101,"column":59},"end":{"line":101,"column":65}},{"start":{"line":101,"column":68},"end":{"line":101,"column":75}}],"line":101},"8":{"loc":{"start":{"line":107,"column":22},"end":{"line":107,"column":45}},"type":"cond-expr","locations":[{"start":{"line":107,"column":29},"end":{"line":107,"column":35}},{"start":{"line":107,"column":38},"end":{"line":107,"column":45}}],"line":107},"9":{"loc":{"start":{"line":108,"column":17},"end":{"line":108,"column":65}},"type":"cond-expr","locations":[{"start":{"line":108,"column":40},"end":{"line":108,"column":51}},{"start":{"line":108,"column":54},"end":{"line":108,"column":65}}],"line":108},"10":{"loc":{"start":{"line":114,"column":22},"end":{"line":114,"column":57}},"type":"cond-expr","locations":[{"start":{"line":114,"column":35},"end":{"line":114,"column":44}},{"start":{"line":114,"column":47},"end":{"line":114,"column":57}}],"line":114},"11":{"loc":{"start":{"line":135,"column":2},"end":{"line":137,"column":3}},"type":"if","locations":[{"start":{"line":135,"column":2},"end":{"line":137,"column":3}},{"start":{},"end":{}}],"line":135},"12":{"loc":{"start":{"line":150,"column":2},"end":{"line":152,"column":3}},"type":"if","locations":[{"start":{"line":150,"column":2},"end":{"line":152,"column":3}},{"start":{},"end":{}}],"line":150}},"s":{"0":2,"1":2,"2":2,"3":156,"4":156,"5":156,"6":156,"7":156,"8":51,"9":51,"10":51,"11":51,"12":51,"13":0,"14":51,"15":0,"16":0,"17":51,"18":0,"19":0,"20":0,"21":0,"22":51,"23":51,"24":51,"25":51,"26":51,"27":156,"28":105,"29":51,"30":156,"31":3,"32":3,"33":3,"34":3,"35":3,"36":0,"37":156,"38":156,"39":156,"40":156,"41":51,"42":105,"43":2,"44":1933,"45":1933,"46":0,"47":1933},"f":{"0":156,"1":51,"2":51,"3":51,"4":105,"5":3,"6":1933},"b":{"0":[0,51],"1":[0,51],"2":[0,0],"3":[0,0],"4":[51,0],"5":[51,54],"6":[105,54],"7":[3,0],"8":[0,0],"9":[0,0],"10":[3,153],"11":[51,105],"12":[0,1933]},"_coverageSchema":"1a1c01bbd47fc00a2c39e90264f33305004495a9","hash":"1e5b7254ad955c30bb03f0f3fe6aa4b3d7e31676"}
,"/Users/rafalciesielski/Developer/WorldExplorer/context/index.ts": {"path":"/Users/rafalciesielski/Developer/WorldExplorer/context/index.ts","statementMap":{},"fnMap":{},"branchMap":{},"s":{},"f":{},"b":{}}
,"/Users/rafalciesielski/Developer/WorldExplorer/src/components/AdBanner.tsx": {"path":"/Users/rafalciesielski/Developer/WorldExplorer/src/components/AdBanner.tsx","statementMap":{"0":{"start":{"line":10,"column":17},"end":{"line":10,"column":50}},"1":{"start":{"line":12,"column":17},"end":{"line":24,"column":1}},"2":{"start":{"line":13,"column":2},"end":{"line":23,"column":4}},"3":{"start":{"line":26,"column":15},"end":{"line":34,"column":2}}},"fnMap":{"0":{"name":"(anonymous_0)","decl":{"start":{"line":12,"column":17},"end":{"line":12,"column":18}},"loc":{"start":{"line":12,"column":23},"end":{"line":24,"column":1}},"line":12}},"branchMap":{"0":{"loc":{"start":{"line":10,"column":17},"end":{"line":10,"column":50}},"type":"binary-expr","locations":[{"start":{"line":10,"column":17},"end":{"line":10,"column":32}},{"start":{"line":10,"column":36},"end":{"line":10,"column":50}}],"line":10}},"s":{"0":0,"1":0,"2":0,"3":0},"f":{"0":0},"b":{"0":[0,0]}}
,"/Users/rafalciesielski/Developer/WorldExplorer/src/components/ErrorBoundary.tsx": {"path":"/Users/rafalciesielski/Developer/WorldExplorer/src/components/ErrorBoundary.tsx","statementMap":{"0":{"start":{"line":18,"column":4},"end":{"line":18,"column":17}},"1":{"start":{"line":19,"column":4},"end":{"line":19,"column":37}},"2":{"start":{"line":23,"column":4},"end":{"line":27,"column":6}},"3":{"start":{"line":31,"column":4},"end":{"line":38,"column":7}},"4":{"start":{"line":42,"column":16},"end":{"line":44,"column":3}},"5":{"start":{"line":43,"column":4},"end":{"line":43,"column":79}},"6":{"start":{"line":47,"column":4},"end":{"line":170,"column":5}},"7":{"start":{"line":48,"column":6},"end":{"line":169,"column":8}},"8":{"start":{"line":147,"column":16},"end":{"line":150,"column":19}},"9":{"start":{"line":172,"column":4},"end":{"line":172,"column":31}}},"fnMap":{"0":{"name":"(anonymous_0)","decl":{"start":{"line":17,"column":2},"end":{"line":17,"column":3}},"loc":{"start":{"line":17,"column":28},"end":{"line":20,"column":3}},"line":17},"1":{"name":"(anonymous_1)","decl":{"start":{"line":22,"column":2},"end":{"line":22,"column":3}},"loc":{"start":{"line":22,"column":48},"end":{"line":28,"column":3}},"line":22},"2":{"name":"(anonymous_2)","decl":{"start":{"line":30,"column":2},"end":{"line":30,"column":3}},"loc":{"start":{"line":30,"column":62},"end":{"line":40,"column":3}},"line":30},"3":{"name":"(anonymous_3)","decl":{"start":{"line":42,"column":16},"end":{"line":42,"column":17}},"loc":{"start":{"line":42,"column":22},"end":{"line":44,"column":3}},"line":42},"4":{"name":"(anonymous_4)","decl":{"start":{"line":46,"column":2},"end":{"line":46,"column":3}},"loc":{"start":{"line":46,"column":11},"end":{"line":173,"column":3}},"line":46},"5":{"name":"(anonymous_5)","decl":{"start":{"line":144,"column":23},"end":{"line":144,"column":24}},"loc":{"start":{"line":144,"column":29},"end":{"line":151,"column":15}},"line":144}},"branchMap":{"0":{"loc":{"start":{"line":47,"column":4},"end":{"line":170,"column":5}},"type":"if","locations":[{"start":{"line":47,"column":4},"end":{"line":170,"column":5}},{"start":{},"end":{}}],"line":47},"1":{"loc":{"start":{"line":97,"column":13},"end":{"line":119,"column":13}},"type":"binary-expr","locations":[{"start":{"line":97,"column":13},"end":{"line":97,"column":29}},{"start":{"line":98,"column":14},"end":{"line":118,"column":21}}],"line":97}},"s":{"0":0,"1":0,"2":0,"3":0,"4":0,"5":0,"6":0,"7":0,"8":0,"9":0},"f":{"0":0,"1":0,"2":0,"3":0,"4":0,"5":0},"b":{"0":[0,0],"1":[0,0]}}
,"/Users/rafalciesielski/Developer/WorldExplorer/src/components/NotificationService.ts": {"path":"/Users/rafalciesielski/Developer/WorldExplorer/src/components/NotificationService.ts","statementMap":{"0":{"start":{"line":10,"column":21},"end":{"line":10,"column":58}},"1":{"start":{"line":11,"column":28},"end":{"line":11,"column":59}},"2":{"start":{"line":17,"column":2},"end":{"line":40,"column":3}},"3":{"start":{"line":19,"column":4},"end":{"line":26,"column":7}},"4":{"start":{"line":20,"column":39},"end":{"line":25,"column":7}},"5":{"start":{"line":28,"column":4},"end":{"line":31,"column":7}},"6":{"start":{"line":33,"column":4},"end":{"line":39,"column":7}},"7":{"start":{"line":47,"column":2},"end":{"line":60,"column":3}},"8":{"start":{"line":48,"column":19},"end":{"line":48,"column":59}},"9":{"start":{"line":49,"column":4},"end":{"line":51,"column":5}},"10":{"start":{"line":50,"column":6},"end":{"line":50,"column":56}},"11":{"start":{"line":53,"column":4},"end":{"line":59,"column":7}},"12":{"start":{"line":63,"column":2},"end":{"line":66,"column":4}},"13":{"start":{"line":73,"column":2},"end":{"line":83,"column":3}},"14":{"start":{"line":74,"column":4},"end":{"line":74,"column":71}},"15":{"start":{"line":76,"column":4},"end":{"line":82,"column":7}},"16":{"start":{"line":90,"column":2},"end":{"line":137,"column":3}},"17":{"start":{"line":92,"column":29},"end":{"line":92,"column":56}},"18":{"start":{"line":95,"column":16},"end":{"line":95,"column":26}},"19":{"start":{"line":96,"column":26},"end":{"line":96,"column":36}},"20":{"start":{"line":97,"column":4},"end":{"line":97,"column":49}},"21":{"start":{"line":100,"column":4},"end":{"line":102,"column":5}},"22":{"start":{"line":101,"column":6},"end":{"line":101,"column":57}},"23":{"start":{"line":104,"column":37},"end":{"line":106,"column":5}},"24":{"start":{"line":108,"column":27},"end":{"line":119,"column":6}},"25":{"start":{"line":122,"column":4},"end":{"line":122,"column":68}},"26":{"start":{"line":124,"column":4},"end":{"line":128,"column":7}},"27":{"start":{"line":130,"column":4},"end":{"line":136,"column":7}},"28":{"start":{"line":144,"column":2},"end":{"line":161,"column":3}},"29":{"start":{"line":145,"column":4},"end":{"line":145,"column":63}},"30":{"start":{"line":147,"column":4},"end":{"line":147,"column":55}},"31":{"start":{"line":149,"column":4},"end":{"line":152,"column":7}},"32":{"start":{"line":154,"column":4},"end":{"line":160,"column":7}},"33":{"start":{"line":173,"column":41},"end":{"line":173,"column":58}},"34":{"start":{"line":174,"column":2},"end":{"line":174,"column":43}},"35":{"start":{"line":177,"column":2},"end":{"line":177,"column":30}},"36":{"start":{"line":180,"column":2},"end":{"line":183,"column":3}},"37":{"start":{"line":181,"column":20},"end":{"line":181,"column":74}},"38":{"start":{"line":182,"column":4},"end":{"line":182,"column":46}}},"fnMap":{"0":{"name":"initializeNotifications","decl":{"start":{"line":16,"column":22},"end":{"line":16,"column":45}},"loc":{"start":{"line":16,"column":63},"end":{"line":41,"column":1}},"line":16},"1":{"name":"(anonymous_1)","decl":{"start":{"line":20,"column":26},"end":{"line":20,"column":27}},"loc":{"start":{"line":20,"column":39},"end":{"line":25,"column":7}},"line":20},"2":{"name":"loadNotificationSettings","decl":{"start":{"line":46,"column":22},"end":{"line":46,"column":46}},"loc":{"start":{"line":46,"column":80},"end":{"line":67,"column":1}},"line":46},"3":{"name":"saveNotificationSettings","decl":{"start":{"line":72,"column":22},"end":{"line":72,"column":46}},"loc":{"start":{"line":72,"column":94},"end":{"line":84,"column":1}},"line":72},"4":{"name":"scheduleNotification","decl":{"start":{"line":89,"column":22},"end":{"line":89,"column":42}},"loc":{"start":{"line":89,"column":89},"end":{"line":138,"column":1}},"line":89},"5":{"name":"cancelNotifications","decl":{"start":{"line":143,"column":22},"end":{"line":143,"column":41}},"loc":{"start":{"line":143,"column":59},"end":{"line":162,"column":1}},"line":143},"6":{"name":"updateNotificationSettings","decl":{"start":{"line":167,"column":22},"end":{"line":167,"column":48}},"loc":{"start":{"line":171,"column":17},"end":{"line":184,"column":1}},"line":171}},"branchMap":{"0":{"loc":{"start":{"line":37,"column":15},"end":{"line":37,"column":69}},"type":"cond-expr","locations":[{"start":{"line":37,"column":40},"end":{"line":37,"column":53}},{"start":{"line":37,"column":56},"end":{"line":37,"column":69}}],"line":37},"1":{"loc":{"start":{"line":49,"column":4},"end":{"line":51,"column":5}},"type":"if","locations":[{"start":{"line":49,"column":4},"end":{"line":51,"column":5}},{"start":{},"end":{}}],"line":49},"2":{"loc":{"start":{"line":57,"column":15},"end":{"line":57,"column":69}},"type":"cond-expr","locations":[{"start":{"line":57,"column":40},"end":{"line":57,"column":53}},{"start":{"line":57,"column":56},"end":{"line":57,"column":69}}],"line":57},"3":{"loc":{"start":{"line":80,"column":15},"end":{"line":80,"column":69}},"type":"cond-expr","locations":[{"start":{"line":80,"column":40},"end":{"line":80,"column":53}},{"start":{"line":80,"column":56},"end":{"line":80,"column":69}}],"line":80},"4":{"loc":{"start":{"line":100,"column":4},"end":{"line":102,"column":5}},"type":"if","locations":[{"start":{"line":100,"column":4},"end":{"line":102,"column":5}},{"start":{},"end":{}}],"line":100},"5":{"loc":{"start":{"line":134,"column":15},"end":{"line":134,"column":69}},"type":"cond-expr","locations":[{"start":{"line":134,"column":40},"end":{"line":134,"column":53}},{"start":{"line":134,"column":56},"end":{"line":134,"column":69}}],"line":134},"6":{"loc":{"start":{"line":158,"column":15},"end":{"line":158,"column":69}},"type":"cond-expr","locations":[{"start":{"line":158,"column":40},"end":{"line":158,"column":53}},{"start":{"line":158,"column":56},"end":{"line":158,"column":69}}],"line":158},"7":{"loc":{"start":{"line":180,"column":2},"end":{"line":183,"column":3}},"type":"if","locations":[{"start":{"line":180,"column":2},"end":{"line":183,"column":3}},{"start":{},"end":{}}],"line":180},"8":{"loc":{"start":{"line":180,"column":6},"end":{"line":180,"column":28}},"type":"binary-expr","locations":[{"start":{"line":180,"column":6},"end":{"line":180,"column":13}},{"start":{"line":180,"column":17},"end":{"line":180,"column":28}}],"line":180}},"s":{"0":1,"1":1,"2":2,"3":2,"4":0,"5":1,"6":1,"7":4,"8":4,"9":3,"10":2,"11":2,"12":3,"13":2,"14":2,"15":1,"16":7,"17":7,"18":7,"19":7,"20":7,"21":7,"22":1,"23":7,"24":7,"25":6,"26":6,"27":1,"28":2,"29":2,"30":1,"31":1,"32":1,"33":0,"34":0,"35":0,"36":0,"37":0,"38":0},"f":{"0":2,"1":0,"2":4,"3":2,"4":7,"5":2,"6":0},"b":{"0":[1,0],"1":[2,1],"2":[2,0],"3":[1,0],"4":[1,6],"5":[1,0],"6":[1,0],"7":[0,0],"8":[0,0]},"_coverageSchema":"1a1c01bbd47fc00a2c39e90264f33305004495a9","hash":"fa5da789e0bd33184464189345d5e27ade3e3200"}
,"/Users/rafalciesielski/Developer/WorldExplorer/src/components/ScreenBackground.tsx": {"path":"/Users/rafalciesielski/Developer/WorldExplorer/src/components/ScreenBackground.tsx","statementMap":{"0":{"start":{"line":45,"column":20},"end":{"line":45,"column":30}},"1":{"start":{"line":46,"column":25},"end":{"line":46,"column":77}},"2":{"start":{"line":48,"column":2},"end":{"line":73,"column":4}}},"fnMap":{"0":{"name":"ScreenBackground","decl":{"start":{"line":40,"column":16},"end":{"line":40,"column":32}},"loc":{"start":{"line":44,"column":26},"end":{"line":74,"column":1}},"line":44}},"branchMap":{"0":{"loc":{"start":{"line":41,"column":2},"end":{"line":41,"column":22}},"type":"default-arg","locations":[{"start":{"line":41,"column":13},"end":{"line":41,"column":22}}],"line":41},"1":{"loc":{"start":{"line":43,"column":2},"end":{"line":43,"column":30}},"type":"default-arg","locations":[{"start":{"line":43,"column":11},"end":{"line":43,"column":30}}],"line":43},"2":{"loc":{"start":{"line":46,"column":25},"end":{"line":46,"column":77}},"type":"binary-expr","locations":[{"start":{"line":46,"column":25},"end":{"line":46,"column":50}},{"start":{"line":46,"column":54},"end":{"line":46,"column":77}}],"line":46}},"s":{"0":96,"1":96,"2":96},"f":{"0":96},"b":{"0":[0],"1":[96],"2":[96,0]},"_coverageSchema":"1a1c01bbd47fc00a2c39e90264f33305004495a9","hash":"b4b141bf6496412d55d418aa8970095a641c35c0"}
,"/Users/rafalciesielski/Developer/WorldExplorer/src/components/Navigation/FloatingNavBar.tsx": {"path":"/Users/rafalciesielski/Developer/WorldExplorer/src/components/Navigation/FloatingNavBar.tsx","statementMap":{"0":{"start":{"line":27,"column":20},"end":{"line":27,"column":30}},"1":{"start":{"line":28,"column":17},"end":{"line":28,"column":36}},"2":{"start":{"line":29,"column":17},"end":{"line":29,"column":29}},"3":{"start":{"line":34,"column":32},"end":{"line":34,"column":53}},"4":{"start":{"line":36,"column":2},"end":{"line":65,"column":4}},"5":{"start":{"line":55,"column":8},"end":{"line":62,"column":10}},"6":{"start":{"line":59,"column":25},"end":{"line":59,"column":46}}},"fnMap":{"0":{"name":"FloatingNavBar","decl":{"start":{"line":21,"column":16},"end":{"line":21,"column":30}},"loc":{"start":{"line":26,"column":24},"end":{"line":66,"column":1}},"line":26},"1":{"name":"(anonymous_1)","decl":{"start":{"line":54,"column":17},"end":{"line":54,"column":18}},"loc":{"start":{"line":55,"column":8},"end":{"line":62,"column":10}},"line":55},"2":{"name":"(anonymous_2)","decl":{"start":{"line":59,"column":19},"end":{"line":59,"column":20}},"loc":{"start":{"line":59,"column":25},"end":{"line":59,"column":46}},"line":59}},"branchMap":{"0":{"loc":{"start":{"line":25,"column":2},"end":{"line":25,"column":29}},"type":"default-arg","locations":[{"start":{"line":25,"column":11},"end":{"line":25,"column":29}}],"line":25}},"s":{"0":96,"1":96,"2":96,"3":96,"4":96,"5":480,"6":0},"f":{"0":96,"1":480,"2":0},"b":{"0":[96]},"_coverageSchema":"1a1c01bbd47fc00a2c39e90264f33305004495a9","hash":"cca60f09cb373f5e7b81460f82be45fedb1f88e2"}
,"/Users/rafalciesielski/Developer/WorldExplorer/src/components/Navigation/NavBarIcon.tsx": {"path":"/Users/rafalciesielski/Developer/WorldExplorer/src/components/Navigation/NavBarIcon.tsx","statementMap":{"0":{"start":{"line":18,"column":20},"end":{"line":18,"column":30}},"1":{"start":{"line":20,"column":22},"end":{"line":23,"column":3}},"2":{"start":{"line":21,"column":4},"end":{"line":21,"column":59}},"3":{"start":{"line":22,"column":4},"end":{"line":22,"column":14}},"4":{"start":{"line":25,"column":2},"end":{"line":40,"column":4}}},"fnMap":{"0":{"name":"NavBarIcon","decl":{"start":{"line":17,"column":16},"end":{"line":17,"column":26}},"loc":{"start":{"line":17,"column":108},"end":{"line":41,"column":1}},"line":17},"1":{"name":"(anonymous_1)","decl":{"start":{"line":20,"column":22},"end":{"line":20,"column":23}},"loc":{"start":{"line":20,"column":28},"end":{"line":23,"column":3}},"line":20}},"branchMap":{"0":{"loc":{"start":{"line":36,"column":15},"end":{"line":36,"column":60}},"type":"cond-expr","locations":[{"start":{"line":36,"column":26},"end":{"line":36,"column":31}},{"start":{"line":36,"column":34},"end":{"line":36,"column":60}}],"line":36},"1":{"loc":{"start":{"line":37,"column":29},"end":{"line":37,"column":53}},"type":"cond-expr","locations":[{"start":{"line":37,"column":40},"end":{"line":37,"column":45}},{"start":{"line":37,"column":48},"end":{"line":37,"column":53}}],"line":37}},"s":{"0":480,"1":480,"2":0,"3":0,"4":480},"f":{"0":480,"1":0},"b":{"0":[0,480],"1":[0,480]},"_coverageSchema":"1a1c01bbd47fc00a2c39e90264f33305004495a9","hash":"387d0c2df7a59bea9f070dfc019ecd9f5176af98"}
,"/Users/rafalciesielski/Developer/WorldExplorer/src/components/Navigation/TopBar.tsx": {"path":"/Users/rafalciesielski/Developer/WorldExplorer/src/components/Navigation/TopBar.tsx","statementMap":{"0":{"start":{"line":26,"column":20},"end":{"line":26,"column":30}},"1":{"start":{"line":27,"column":17},"end":{"line":27,"column":36}},"2":{"start":{"line":29,"column":30},"end":{"line":32,"column":3}},"3":{"start":{"line":30,"column":4},"end":{"line":30,"column":59}},"4":{"start":{"line":31,"column":4},"end":{"line":31,"column":24}},"5":{"start":{"line":34,"column":26},"end":{"line":37,"column":3}},"6":{"start":{"line":35,"column":4},"end":{"line":35,"column":59}},"7":{"start":{"line":36,"column":4},"end":{"line":36,"column":20}},"8":{"start":{"line":39,"column":2},"end":{"line":97,"column":4}}},"fnMap":{"0":{"name":"TopBar","decl":{"start":{"line":18,"column":16},"end":{"line":18,"column":22}},"loc":{"start":{"line":25,"column":16},"end":{"line":98,"column":1}},"line":25},"1":{"name":"(anonymous_1)","decl":{"start":{"line":29,"column":30},"end":{"line":29,"column":31}},"loc":{"start":{"line":29,"column":36},"end":{"line":32,"column":3}},"line":29},"2":{"name":"(anonymous_2)","decl":{"start":{"line":34,"column":26},"end":{"line":34,"column":27}},"loc":{"start":{"line":34,"column":32},"end":{"line":37,"column":3}},"line":34}},"branchMap":{"0":{"loc":{"start":{"line":20,"column":2},"end":{"line":20,"column":21}},"type":"default-arg","locations":[{"start":{"line":20,"column":16},"end":{"line":20,"column":21}}],"line":20},"1":{"loc":{"start":{"line":22,"column":2},"end":{"line":22,"column":18}},"type":"default-arg","locations":[{"start":{"line":22,"column":13},"end":{"line":22,"column":18}}],"line":22},"2":{"loc":{"start":{"line":55,"column":9},"end":{"line":68,"column":9}},"type":"binary-expr","locations":[{"start":{"line":55,"column":9},"end":{"line":55,"column":17}},{"start":{"line":56,"column":10},"end":{"line":67,"column":22}}],"line":55},"3":{"loc":{"start":{"line":71,"column":22},"end":{"line":71,"column":119}},"type":"cond-expr","locations":[{"start":{"line":71,"column":36},"end":{"line":71,"column":76}},{"start":{"line":71,"column":79},"end":{"line":71,"column":119}}],"line":71},"4":{"loc":{"start":{"line":72,"column":24},"end":{"line":72,"column":52}},"type":"cond-expr","locations":[{"start":{"line":72,"column":38},"end":{"line":72,"column":44}},{"start":{"line":72,"column":47},"end":{"line":72,"column":52}}],"line":72},"5":{"loc":{"start":{"line":73,"column":24},"end":{"line":73,"column":125}},"type":"cond-expr","locations":[{"start":{"line":73,"column":38},"end":{"line":73,"column":80}},{"start":{"line":73,"column":83},"end":{"line":73,"column":125}}],"line":73},"6":{"loc":{"start":{"line":74,"column":19},"end":{"line":74,"column":73}},"type":"cond-expr","locations":[{"start":{"line":74,"column":33},"end":{"line":74,"column":53}},{"start":{"line":74,"column":56},"end":{"line":74,"column":73}}],"line":74},"7":{"loc":{"start":{"line":77,"column":11},"end":{"line":77,"column":48}},"type":"cond-expr","locations":[{"start":{"line":77,"column":25},"end":{"line":77,"column":40}},{"start":{"line":77,"column":43},"end":{"line":77,"column":48}}],"line":77},"8":{"loc":{"start":{"line":82,"column":7},"end":{"line":95,"column":7}},"type":"binary-expr","locations":[{"start":{"line":82,"column":7},"end":{"line":82,"column":22}},{"start":{"line":83,"column":8},"end":{"line":94,"column":20}}],"line":82}},"s":{"0":96,"1":96,"2":96,"3":0,"4":0,"5":96,"6":0,"7":0,"8":96},"f":{"0":96,"1":0,"2":0},"b":{"0":[96],"1":[96],"2":[96,0],"3":[0,96],"4":[0,96],"5":[0,96],"6":[0,96],"7":[0,96],"8":[96,0]},"_coverageSchema":"1a1c01bbd47fc00a2c39e90264f33305004495a9","hash":"fc36b8aba1960521e51eb48310bb1ff731f49f67"}
,"/Users/rafalciesielski/Developer/WorldExplorer/src/components/Navigation/index.ts": {"path":"/Users/rafalciesielski/Developer/WorldExplorer/src/components/Navigation/index.ts","statementMap":{},"fnMap":{},"branchMap":{},"s":{},"f":{},"b":{}}
,"/Users/rafalciesielski/Developer/WorldExplorer/src/components/ui/Badge.tsx": {"path":"/Users/rafalciesielski/Developer/WorldExplorer/src/components/ui/Badge.tsx","statementMap":{"0":{"start":{"line":15,"column":20},"end":{"line":15,"column":30}},"1":{"start":{"line":17,"column":29},"end":{"line":24,"column":3}},"2":{"start":{"line":18,"column":4},"end":{"line":23,"column":5}},"3":{"start":{"line":19,"column":24},"end":{"line":19,"column":54}},"4":{"start":{"line":20,"column":22},"end":{"line":20,"column":50}},"5":{"start":{"line":21,"column":20},"end":{"line":21,"column":46}},"6":{"start":{"line":22,"column":15},"end":{"line":22,"column":43}},"7":{"start":{"line":26,"column":2},"end":{"line":53,"column":4}}},"fnMap":{"0":{"name":"Badge","decl":{"start":{"line":14,"column":16},"end":{"line":14,"column":21}},"loc":{"start":{"line":14,"column":72},"end":{"line":54,"column":1}},"line":14},"1":{"name":"(anonymous_1)","decl":{"start":{"line":17,"column":29},"end":{"line":17,"column":30}},"loc":{"start":{"line":17,"column":35},"end":{"line":24,"column":3}},"line":17}},"branchMap":{"0":{"loc":{"start":{"line":14,"column":37},"end":{"line":14,"column":56}},"type":"default-arg","locations":[{"start":{"line":14,"column":47},"end":{"line":14,"column":56}}],"line":14},"1":{"loc":{"start":{"line":18,"column":4},"end":{"line":23,"column":5}},"type":"switch","locations":[{"start":{"line":19,"column":6},"end":{"line":19,"column":54}},{"start":{"line":20,"column":6},"end":{"line":20,"column":50}},{"start":{"line":21,"column":6},"end":{"line":21,"column":46}},{"start":{"line":22,"column":6},"end":{"line":22,"column":43}}],"line":18},"2":{"loc":{"start":{"line":41,"column":7},"end":{"line":41,"column":79}},"type":"binary-expr","locations":[{"start":{"line":41,"column":7},"end":{"line":41,"column":11}},{"start":{"line":41,"column":15},"end":{"line":41,"column":79}}],"line":41}},"s":{"0":0,"1":0,"2":0,"3":0,"4":0,"5":0,"6":0,"7":0},"f":{"0":0,"1":0},"b":{"0":[0],"1":[0,0,0,0],"2":[0,0]}}
,"/Users/rafalciesielski/Developer/WorldExplorer/src/components/ui/Button.tsx": {"path":"/Users/rafalciesielski/Developer/WorldExplorer/src/components/ui/Button.tsx","statementMap":{"0":{"start":{"line":27,"column":20},"end":{"line":27,"column":30}},"1":{"start":{"line":28,"column":16},"end":{"line":28,"column":33}},"2":{"start":{"line":30,"column":24},"end":{"line":32,"column":5}},"3":{"start":{"line":30,"column":48},"end":{"line":32,"column":3}},"4":{"start":{"line":34,"column":22},"end":{"line":39,"column":3}},"5":{"start":{"line":35,"column":4},"end":{"line":38,"column":5}},"6":{"start":{"line":36,"column":6},"end":{"line":36,"column":62}},"7":{"start":{"line":37,"column":6},"end":{"line":37,"column":16}},"8":{"start":{"line":41,"column":20},"end":{"line":70,"column":3}},"9":{"start":{"line":42,"column":33},"end":{"line":49,"column":5}},"10":{"start":{"line":51,"column":4},"end":{"line":69,"column":5}},"11":{"start":{"line":53,"column":8},"end":{"line":59,"column":10}},"12":{"start":{"line":61,"column":8},"end":{"line":61,"column":75}},"13":{"start":{"line":63,"column":8},"end":{"line":68,"column":10}},"14":{"start":{"line":72,"column":23},"end":{"line":76,"column":3}},"15":{"start":{"line":73,"column":4},"end":{"line":73,"column":47}},"16":{"start":{"line":73,"column":30},"end":{"line":73,"column":47}},"17":{"start":{"line":74,"column":4},"end":{"line":74,"column":101}},"18":{"start":{"line":74,"column":32},"end":{"line":74,"column":101}},"19":{"start":{"line":75,"column":4},"end":{"line":75,"column":32}},"20":{"start":{"line":78,"column":2},"end":{"line":104,"column":4}},"21":{"start":{"line":82,"column":26},"end":{"line":82,"column":56}},"22":{"start":{"line":83,"column":27},"end":{"line":83,"column":54}}},"fnMap":{"0":{"name":"Button","decl":{"start":{"line":18,"column":16},"end":{"line":18,"column":22}},"loc":{"start":{"line":26,"column":16},"end":{"line":105,"column":1}},"line":26},"1":{"name":"(anonymous_1)","decl":{"start":{"line":30,"column":41},"end":{"line":30,"column":42}},"loc":{"start":{"line":30,"column":48},"end":{"line":32,"column":3}},"line":30},"2":{"name":"(anonymous_2)","decl":{"start":{"line":34,"column":22},"end":{"line":34,"column":23}},"loc":{"start":{"line":34,"column":28},"end":{"line":39,"column":3}},"line":34},"3":{"name":"(anonymous_3)","decl":{"start":{"line":41,"column":20},"end":{"line":41,"column":21}},"loc":{"start":{"line":41,"column":26},"end":{"line":70,"column":3}},"line":41},"4":{"name":"(anonymous_4)","decl":{"start":{"line":72,"column":23},"end":{"line":72,"column":24}},"loc":{"start":{"line":72,"column":29},"end":{"line":76,"column":3}},"line":72},"5":{"name":"(anonymous_5)","decl":{"start":{"line":82,"column":19},"end":{"line":82,"column":20}},"loc":{"start":{"line":82,"column":26},"end":{"line":82,"column":56}},"line":82},"6":{"name":"(anonymous_6)","decl":{"start":{"line":83,"column":20},"end":{"line":83,"column":21}},"loc":{"start":{"line":83,"column":27},"end":{"line":83,"column":54}},"line":83}},"branchMap":{"0":{"loc":{"start":{"line":21,"column":2},"end":{"line":21,"column":20}},"type":"default-arg","locations":[{"start":{"line":21,"column":12},"end":{"line":21,"column":20}}],"line":21},"1":{"loc":{"start":{"line":22,"column":2},"end":{"line":22,"column":18}},"type":"default-arg","locations":[{"start":{"line":22,"column":13},"end":{"line":22,"column":18}}],"line":22},"2":{"loc":{"start":{"line":35,"column":4},"end":{"line":38,"column":5}},"type":"if","locations":[{"start":{"line":35,"column":4},"end":{"line":38,"column":5}},{"start":{},"end":{}}],"line":35},"3":{"loc":{"start":{"line":51,"column":4},"end":{"line":69,"column":5}},"type":"switch","locations":[{"start":{"line":52,"column":6},"end":{"line":59,"column":10}},{"start":{"line":60,"column":6},"end":{"line":61,"column":75}},{"start":{"line":62,"column":6},"end":{"line":68,"column":10}}],"line":51},"4":{"loc":{"start":{"line":57,"column":25},"end":{"line":57,"column":86}},"type":"cond-expr","locations":[{"start":{"line":57,"column":36},"end":{"line":57,"column":61}},{"start":{"line":57,"column":64},"end":{"line":57,"column":86}}],"line":57},"5":{"loc":{"start":{"line":66,"column":29},"end":{"line":66,"column":88}},"type":"cond-expr","locations":[{"start":{"line":66,"column":40},"end":{"line":66,"column":65}},{"start":{"line":66,"column":68},"end":{"line":66,"column":88}}],"line":66},"6":{"loc":{"start":{"line":73,"column":4},"end":{"line":73,"column":47}},"type":"if","locations":[{"start":{"line":73,"column":4},"end":{"line":73,"column":47}},{"start":{},"end":{}}],"line":73},"7":{"loc":{"start":{"line":74,"column":4},"end":{"line":74,"column":101}},"type":"if","locations":[{"start":{"line":74,"column":4},"end":{"line":74,"column":101}},{"start":{},"end":{}}],"line":74},"8":{"loc":{"start":{"line":74,"column":39},"end"
[...]
,"/Users/rafalciesielski/Developer/WorldExplorer/src/components/ui/RetryErrorBanner.tsx": {"path":"/Users/rafalciesielski/Developer/WorldExplorer/src/components/ui/RetryErrorBanner.tsx","statementMap":{"0":{"start":{"line":23,"column":65},"end":{"line":145,"column":1}},"1":{"start":{"line":33,"column":20},"end":{"line":33,"column":30}},"2":{"start":{"line":34,"column":27},"end":{"line":34,"column":64}},"3":{"start":{"line":36,"column":2},"end":{"line":50,"column":32}},"4":{"start":{"line":37,"column":4},"end":{"line":49,"column":5}},"5":{"start":{"line":38,"column":6},"end":{"line":42,"column":17}},"6":{"start":{"line":44,"column":6},"end":{"line":48,"column":17}},"7":{"start":{"line":52,"column":2},"end":{"line":54,"column":3}},"8":{"start":{"line":53,"column":4},"end":{"line":53,"column":16}},"9":{"start":{"line":56,"column":23},"end":{"line":56,"column":115}},"10":{"start":{"line":57,"column":30},"end":{"line":60,"column":4}},"11":{"start":{"line":62,"column":31},"end":{"line":65,"column":4}},"12":{"start":{"line":67,"column":2},"end":{"line":144,"column":4}},"13":{"start":{"line":147,"column":15},"end":{"line":222,"column":2}}},"fnMap":{"0":{"name":"(anonymous_0)","decl":{"start":{"line":23,"column":65},"end":{"line":23,"column":66}},"loc":{"start":{"line":32,"column":6},"end":{"line":145,"column":1}},"line":32},"1":{"name":"(anonymous_1)","decl":{"start":{"line":36,"column":18},"end":{"line":36,"column":19}},"loc":{"start":{"line":36,"column":24},"end":{"line":50,"column":3}},"line":36}},"branchMap":{"0":{"loc":{"start":{"line":28,"column":2},"end":{"line":28,"column":16}},"type":"default-arg","locations":[{"start":{"line":28,"column":15},"end":{"line":28,"column":16}}],"line":28},"1":{"loc":{"start":{"line":29,"column":2},"end":{"line":29,"column":16}},"type":"default-arg","locations":[{"start":{"line":29,"column":15},"end":{"line":29,"column":16}}],"line":29},"2":{"loc":{"start":{"line":30,"column":2},"end":{"line":30,"column":20}},"type":"default-arg","locations":[{"start":{"line":30,"column":15},"end":{"line":30,"column":20}}],"line":30},"3":{"loc":{"start":{"line":31,"column":2},"end":{"line":31,"column":20}},"type":"default-arg","locations":[{"start":{"line":31,"column":16},"end":{"line":31,"column":20}}],"line":31},"4":{"loc":{"start":{"line":37,"column":4},"end":{"line":49,"column":5}},"type":"if","locations":[{"start":{"line":37,"column":4},"end":{"line":49,"column":5}},{"start":{"line":43,"column":11},"end":{"line":49,"column":5}}],"line":37},"5":{"loc":{"start":{"line":52,"column":2},"end":{"line":54,"column":3}},"type":"if","locations":[{"start":{"line":52,"column":2},"end":{"line":54,"column":3}},{"start":{},"end":{}}],"line":52},"6":{"loc":{"start":{"line":56,"column":23},"end":{"line":56,"column":115}},"type":"cond-expr","locations":[{"start":{"line":56,"column":51},"end":{"line":56,"column":56}},{"start":{"line":56,"column":59},"end":{"line":56,"column":115}}],"line":56},"7":{"loc":{"start":{"line":56,"column":59},"end":{"line":56,"column":115}},"type":"binary-expr","locations":[{"start":{"line":56,"column":59},"end":{"line":56,"column":73}},{"start":{"line":56,"column":77},"end":{"line":56,"column":115}}],"line":56},"8":{"loc":{"start":{"line":74,"column":27},"end":{"line":74,"column":58}},"type":"binary-expr","locations":[{"start":{"line":74,"column":27},"end":{"line":74,"column":45}},{"start":{"line":74,"column":49},"end":{"line":74,"column":58}}],"line":74},"9":{"loc":{"start":{"line":90,"column":13},"end":{"line":94,"column":13}},"type":"binary-expr","locations":[{"start":{"line":90,"column":13},"end":{"line":90,"column":27}},{"start":{"line":90,"column":31},"end":{"line":90,"column":45}},{"start":{"line":91,"column":14},"end":{"line":93,"column":21}}],"line":90},"10":{"loc":{"start":{"line":99,"column":11},"end":{"line":115,"column":11}},"type":"binary-expr","locations":[{"start":{"line":99,"column":11},"end":{"line":99,"column":22}},{"start":{"line":100,"column":12},"end":{"line":114,"column":31}}],"line":99},"11":{"loc":{"start":{"line":117,"column":11},"end":{"line":132,"column":11}},"type":"binary-expr","locations":[{"start":{"line":117,"column":11},"end":{"line":117,"column":22}},{"start":{"line":117,"column":26},"end":{"line":117,"column":35}},{"start":{"line":117,"column":39},"end":{"line":117,"column":50}},{"start":{"line":118,"column":12},"end":{"line":131,"column":31}}],"line":117},"12":{"loc":{"start":{"line":125,"column":23},"end":{"line":125,"column":53}},"type":"binary-expr","locations":[{"start":{"line":125,"column":23},"end":{"line":125,"column":40}},{"start":{"line":125,"column":44},"end":{"line":125,"column":53}}],"line":125},"13":{"loc":{"start":{"line":128,"column":56},"end":{"line":128,"column":86}},"type":"binary-expr","locations":[{"start":{"line":128,"column":56},"end":{"line":128,"column":73}},{"start":{"line":128,"column":77},"end":{"line":128,"column":86}}],"line":128},"14":{"loc":{"start":{"line":134,"column":11},"end":{"line":140,"column":11}},"type":"binary-expr","locations":[{"start":{"line":134,"column":11},"end":{"line":134,"column":21}},{"start":{"line":135,"column":12},"end":{"line":139,"column":19}}],"line":134}},"s":{"0":0,"1":0,"2":0,"3":0,"4":0,"5":0,"6":0,"7":0,"8":0,"9":0,"10":0,"11":0,"12":0,"13":0},"f":{"0":0,"1":0},"b":{"0":[0],"1":[0],"2":[0],"3":[0],"4":[0,0],"5":[0,0],"6":[0,0],"7":[0,0],"8":[0,0],"9":[0,0,0],"10":[0,0],"11":[0,0,0,0],"12":[0,0],"13":[0,0],"14":[0,0]}}
,"/Users/rafalciesielski/Developer/WorldExplorer/src/components/ui/SearchBar.tsx": {"path":"/Users/rafalciesielski/Developer/WorldExplorer/src/components/ui/SearchBar.tsx","statementMap":{"0":{"start":{"line":19,"column":51},"end":{"line":64,"column":1}},"1":{"start":{"line":24,"column":28},"end":{"line":24,"column":40}},"2":{"start":{"line":25,"column":20},"end":{"line":25,"column":30}},"3":{"start":{"line":26,"column":21},"end":{"line":26,"column":26}},"4":{"start":{"line":28,"column":22},"end":{"line":31,"column":3}},"5":{"start":{"line":29,"column":4},"end":{"line":29,"column":17}},"6":{"start":{"line":30,"column":4},"end":{"line":30,"column":17}},"7":{"start":{"line":33,"column":2},"end":{"line":63,"column":4}},"8":{"start":{"line":47,"column":10},"end":{"line":47,"column":25}},"9":{"start":{"line":48,"column":10},"end":{"line":48,"column":25}},"10":{"start":{"line":66,"column":15},"end":{"line":87,"column":2}}},"fnMap":{"0":{"name":"(anonymous_0)","decl":{"start":{"line":19,"column":51},"end":{"line":19,"column":52}},"loc":{"start":{"line":23,"column":6},"end":{"line":64,"column":1}},"line":23},"1":{"name":"(anonymous_1)","decl":{"start":{"line":28,"column":22},"end":{"line":28,"column":23}},"loc":{"start":{"line":28,"column":28},"end":{"line":31,"column":3}},"line":28},"2":{"name":"(anonymous_2)","decl":{"start":{"line":46,"column":22},"end":{"line":46,"column":23}},"loc":{"start":{"line":46,"column":32},"end":{"line":49,"column":9}},"line":46}},"branchMap":{"0":{"loc":{"start":{"line":21,"column":2},"end":{"line":21,"column":37}},"type":"default-arg","locations":[{"start":{"line":21,"column":16},"end":{"line":21,"column":37}}],"line":21},"1":{"loc":{"start":{"line":52,"column":7},"end":{"line":61,"column":7}},"type":"binary-expr","locations":[{"start":{"line":52,"column":7},"end":{"line":52,"column":23}},{"start":{"line":53,"column":8},"end":{"line":60,"column":27}}],"line":52}},"s":{"0":0,"1":0,"2":0,"3":0,"4":0,"5":0,"6":0,"7":0,"8":0,"9":0,"10":0},"f":{"0":0,"1":0,"2":0},"b":{"0":[0],"1":[0,0]}}
,"/Users/rafalciesielski/Developer/WorldExplorer/src/components/ui/ToggleSwitch.tsx": {"path":"/Users/rafalciesielski/Developer/WorldExplorer/src/components/ui/ToggleSwitch.tsx","statementMap":{"0":{"start":{"line":30,"column":20},"end":{"line":30,"column":30}},"1":{"start":{"line":31,"column":21},"end":{"line":31,"column":51}},"2":{"start":{"line":33,"column":2},"end":{"line":35,"column":26}},"3":{"start":{"line":34,"column":4},"end":{"line":34,"column":50}},"4":{"start":{"line":37,"column":23},"end":{"line":42,"column":3}},"5":{"start":{"line":38,"column":4},"end":{"line":38,"column":59}},"6":{"start":{"line":39,"column":21},"end":{"line":39,"column":27}},"7":{"start":{"line":40,"column":4},"end":{"line":40,"column":23}},"8":{"start":{"line":41,"column":4},"end":{"line":41,"column":53}},"9":{"start":{"line":44,"column":24},"end":{"line":46,"column":5}},"10":{"start":{"line":44,"column":48},"end":{"line":46,"column":3}},"11":{"start":{"line":48,"column":2},"end":{"line":93,"column":4}}},"fnMap":{"0":{"name":"ToggleSwitch","decl":{"start":{"line":21,"column":16},"end":{"line":21,"column":28}},"loc":{"start":{"line":29,"column":22},"end":{"line":94,"column":1}},"line":29},"1":{"name":"(anonymous_1)","decl":{"start":{"line":33,"column":18},"end":{"line":33,"column":19}},"loc":{"start":{"line":33,"column":24},"end":{"line":35,"column":3}},"line":33},"2":{"name":"(anonymous_2)","decl":{"start":{"line":37,"column":23},"end":{"line":37,"column":24}},"loc":{"start":{"line":37,"column":29},"end":{"line":42,"column":3}},"line":37},"3":{"name":"(anonymous_3)","decl":{"start":{"line":44,"column":41},"end":{"line":44,"column":42}},"loc":{"start":{"line":44,"column":48},"end":{"line":46,"column":3}},"line":44}},"branchMap":{"0":{"loc":{"start":{"line":26,"column":2},"end":{"line":26,"column":17}},"type":"default-arg","locations":[{"start":{"line":26,"column":11},"end":{"line":26,"column":17}}],"line":26},"1":{"loc":{"start":{"line":27,"column":2},"end":{"line":27,"column":33}},"type":"default-arg","locations":[{"start":{"line":27,"column":12},"end":{"line":27,"column":33}}],"line":27},"2":{"loc":{"start":{"line":31,"column":36},"end":{"line":31,"column":50}},"type":"cond-expr","locations":[{"start":{"line":31,"column":44},"end":{"line":31,"column":46}},{"start":{"line":31,"column":49},"end":{"line":31,"column":50}}],"line":31},"3":{"loc":{"start":{"line":34,"column":34},"end":{"line":34,"column":48}},"type":"cond-expr","locations":[{"start":{"line":34,"column":42},"end":{"line":34,"column":44}},{"start":{"line":34,"column":47},"end":{"line":34,"column":48}}],"line":34},"4":{"loc":{"start":{"line":41,"column":34},"end":{"line":41,"column":51}},"type":"cond-expr","locations":[{"start":{"line":41,"column":45},"end":{"line":41,"column":47}},{"start":{"line":41,"column":50},"end":{"line":41,"column":51}}],"line":41},"5":{"loc":{"start":{"line":50,"column":7},"end":{"line":54,"column":7}},"type":"binary-expr","locations":[{"start":{"line":50,"column":7},"end":{"line":50,"column":12}},{"start":{"line":51,"column":8},"end":{"line":53,"column":15}}],"line":50},"6":{"loc":{"start":{"line":59,"column":28},"end":{"line":59,"column":55}},"type":"binary-expr","locations":[{"start":{"line":59,"column":28},"end":{"line":59,"column":46}},{"start":{"line":59,"column":50},"end":{"line":59,"column":55}}],"line":59},"7":{"loc":{"start":{"line":65,"column":27},"end":{"line":65,"column":85}},"type":"cond-expr","locations":[{"start":{"line":65,"column":35},"end":{"line":65,"column":55}},{"start":{"line":65,"column":58},"end":{"line":65,"column":85}}],"line":65},"8":{"loc":{"start":{"line":85,"column":18},"end":{"line":85,"column":42}},"type":"cond-expr","locations":[{"start":{"line":85,"column":26},"end":{"line":85,"column":32}},{"start":{"line":85,"column":35},"end":{"line":85,"column":42}}],"line":85},"9":{"loc":{"start":{"line":88,"column":20},"end":{"line":88,"column":57}},"type":"cond-expr","locations":[{"start":{"line":88,"column":29},"end":{"line":88,"column":45}},{"start":{"line":88,"column":48},"end":{"line":88,"column":57}}],"line":88}},"s":{"0":384,"1":384,"2":384,"3":384,"4":384,"5":14,"6":14,"7":14,"8":14,"9":384,"10":0,"11":384},"f":{"0":384,"1":384,"2":14,"3":0},"b":{"0":[0],"1":[0],"2":[205,179],"3":[205,179],"4":[7,7],"5":[384,0],"6":[384,0],"7":[205,179],"8":[205,179],"9":[384,0]},"_coverageSchema":"1a1c01bbd47fc00a2c39e90264f33305004495a9","hash":"a087db990322aefba24215c37f2c210ce11b72f0"}
,"/Users/rafalciesielski/Developer/WorldExplorer/src/hooks/useQuizDifficulty.ts": {"path":"/Users/rafalciesielski/Developer/WorldExplorer/src/hooks/useQuizDifficulty.ts","statementMap":{"0":{"start":{"line":19,"column":33},"end":{"line":32,"column":1}},"1":{"start":{"line":20,"column":54},"end":{"line":22,"column":3}},"2":{"start":{"line":23,"column":36},"end":{"line":23,"column":60}},"3":{"start":{"line":25,"column":20},"end":{"line":29,"column":3}},"4":{"start":{"line":26,"column":4},"end":{"line":26,"column":38}},"5":{"start":{"line":27,"column":22},"end":{"line":27,"column":81}},"6":{"start":{"line":28,"column":4},"end":{"line":28,"column":28}},"7":{"start":{"line":31,"column":2},"end":{"line":31,"column":54}}},"fnMap":{"0":{"name":"(anonymous_0)","decl":{"start":{"line":19,"column":33},"end":{"line":19,"column":34}},"loc":{"start":{"line":19,"column":64},"end":{"line":32,"column":1}},"line":19},"1":{"name":"(anonymous_1)","decl":{"start":{"line":25,"column":20},"end":{"line":25,"column":21}},"loc":{"start":{"line":25,"column":68},"end":{"line":29,"column":3}},"line":25}},"branchMap":{"0":{"loc":{"start":{"line":25,"column":45},"end":{"line":25,"column":63}},"type":"default-arg","locations":[{"start":{"line":25,"column":61},"end":{"line":25,"column":63}}],"line":25}},"s":{"0":0,"1":0,"2":0,"3":0,"4":0,"5":0,"6":0,"7":0},"f":{"0":0,"1":0},"b":{"0":[0]}}
,"/Users/rafalciesielski/Developer/WorldExplorer/src/hooks/useRetry.ts": {"path":"/Users/rafalciesielski/Developer/WorldExplorer/src/hooks/useRetry.ts","statementMap":{"0":{"start":{"line":39,"column":6},"end":{"line":39,"column":13}},"1":{"start":{"line":41,"column":26},"end":{"line":41,"column":50}},"2":{"start":{"line":42,"column":28},"end":{"line":42,"column":56}},"3":{"start":{"line":43,"column":36},"end":{"line":43,"column":51}},"4":{"start":{"line":44,"column":38},"end":{"line":44,"column":53}},"5":{"start":{"line":45,"column":38},"end":{"line":45,"column":49}},"6":{"start":{"line":47,"column":18},"end":{"line":68,"column":59}},"7":{"start":{"line":48,"column":4},"end":{"line":48,"column":23}},"8":{"start":{"line":49,"column":4},"end":{"line":49,"column":19}},"9":{"start":{"line":50,"column":4},"end":{"line":50,"column":21}},"10":{"start":{"line":52,"column":4},"end":{"line":67,"column":5}},"11":{"start":{"line":53,"column":21},"end":{"line":56,"column":8}},"12":{"start":{"line":57,"column":6},"end":{"line":57,"column":22}},"13":{"start":{"line":58,"column":6},"end":{"line":58,"column":21}},"14":{"start":{"line":59,"column":6},"end":{"line":59,"column":20}},"15":{"start":{"line":61,"column":20},"end":{"line":61,"column":71}},"16":{"start":{"line":62,"column":6},"end":{"line":62,"column":22}},"17":{"start":{"line":63,"column":6},"end":{"line":63,"column":23}},"18":{"start":{"line":65,"column":6},"end":{"line":65,"column":26}},"19":{"start":{"line":66,"column":6},"end":{"line":66,"column":27}},"20":{"start":{"line":70,"column":16},"end":{"line":90,"column":47}},"21":{"start":{"line":71,"column":4},"end":{"line":71,"column":24}},"22":{"start":{"line":72,"column":4},"end":{"line":72,"column":19}},"23":{"start":{"line":73,"column":4},"end":{"line":73,"column":38}},"24":{"start":{"line":73,"column":28},"end":{"line":73,"column":36}},"25":{"start":{"line":75,"column":4},"end":{"line":89,"column":5}},"26":{"start":{"line":76,"column":21},"end":{"line":79,"column":8}},"27":{"start":{"line":80,"column":6},"end":{"line":80,"column":22}},"28":{"start":{"line":81,"column":6},"end":{"line":81,"column":21}},"29":{"start":{"line":82,"column":6},"end":{"line":82,"column":20}},"30":{"start":{"line":84,"column":20},"end":{"line":84,"column":71}},"31":{"start":{"line":85,"column":6},"end":{"line":85,"column":22}},"32":{"start":{"line":86,"column":6},"end":{"line":86,"column":23}},"33":{"start":{"line":88,"column":6},"end":{"line":88,"column":27}},"34":{"start":{"line":92,"column":16},"end":{"line":98,"column":8}},"35":{"start":{"line":93,"column":4},"end":{"line":93,"column":18}},"36":{"start":{"line":94,"column":4},"end":{"line":94,"column":19}},"37":{"start":{"line":95,"column":4},"end":{"line":95,"column":24}},"38":{"start":{"line":96,"column":4},"end":{"line":96,"column":25}},"39":{"start":{"line":97,"column":4},"end":{"line":97,"column":21}},"40":{"start":{"line":100,"column":2},"end":{"line":109,"column":4}}},"fnMap":{"0":{"name":"useRetry","decl":{"start":{"line":29,"column":16},"end":{"line":29,"column":24}},"loc":{"start":{"line":33,"column":21},"end":{"line":110,"column":1}},"line":33},"1":{"name":"(anonymous_1)","decl":{"start":{"line":47,"column":30},"end":{"line":47,"column":31}},"loc":{"start":{"line":47,"column":42},"end":{"line":68,"column":3}},"line":47},"2":{"name":"(anonymous_2)","decl":{"start":{"line":70,"column":28},"end":{"line":70,"column":29}},"loc":{"start":{"line":70,"column":40},"end":{"line":90,"column":3}},"line":70},"3":{"name":"(anonymous_3)","decl":{"start":{"line":73,"column":18},"end":{"line":73,"column":19}},"loc":{"start":{"line":73,"column":28},"end":{"line":73,"column":36}},"line":73},"4":{"name":"(anonymous_4)","decl":{"start":{"line":92,"column":28},"end":{"line":92,"column":29}},"loc":{"start":{"line":92,"column":34},"end":{"line":98,"column":3}},"line":92}},"branchMap":{"0":{"loc":{"start":{"line":32,"column":2},"end":{"line":32,"column":31}},"type":"default-arg","locations":[{"start":{"line":32,"column":29},"end":{"line":32,"column":31}}],"line":32},"1":{"loc":{"start":{"line":35,"column":4},"end":{"line":35,"column":18}},"type":"default-arg","locations":[{"start":{"line":35,"column":17},"end":{"line":35,"column":18}}],"line":35},"2":{"loc":{"start":{"line":36,"column":4},"end":{"line":36,"column":20}},"type":"default-arg","locations":[{"start":{"line":36,"column":16},"end":{"line":36,"column":20}}],"line":36},"3":{"loc":{"start":{"line":61,"column":20},"end":{"line":61,"column":71}},"type":"cond-expr","locations":[{"start":{"line":61,"column":43},"end":{"line":61,"column":46}},{"start":{"line":61,"column":49},"end":{"line":61,"column":71}}],"line":61},"4":{"loc":{"start":{"line":84,"column":20},"end":{"line":84,"column":71}},"type":"cond-expr","locations":[{"start":{"line":84,"column":43},"end":{"line":84,"column":46}},{"start":{"line":84,"column":49},"end":{"line":84,"column":71}}],"line":84}},"s":{"0":0,"1":0,"2":0,"3":0,"4":0,"5":0,"6":0,"7":0,"8":0,"9":0,"10":0,"11":0,"12":0,"13":0,"14":0,"15":0,"16":0,"17":0,"18":0,"19":0,"20":0,"21":0,"22":0,"23":0,"24":0,"25":0,"26":0,"27":0,"28":0,"29":0,"30":0,"31":0,"32":0,"33":0,"34":0,"35":0,"36":0,"37":0,"38":0,"39":0,"40":0},"f":{"0":0,"1":0,"2":0,"3":0,"4":0},"b":{"0":[0],"1":[0],"2":[0],"3":[0,0],"4":[0,0]}}
,"/Users/rafalciesielski/Developer/WorldExplorer/theme/index.ts": {"path":"/Users/rafalciesielski/Developer/WorldExplorer/theme/index.ts","statementMap":{},"fnMap":{},"branchMap":{},"s":{},"f":{},"b":{}}
,"/Users/rafalciesielski/Developer/WorldExplorer/theme/tokens.ts": {"path":"/Users/rafalciesielski/Developer/WorldExplorer/theme/tokens.ts","statementMap":{"0":{"start":{"line":5,"column":16},"end":{"line":82,"column":10}},"1":{"start":{"line":86,"column":28},"end":{"line":141,"column":10}},"2":{"start":{"line":145,"column":23},"end":{"line":145,"column":43}},"3":{"start":{"line":146,"column":22},"end":{"line":146,"column":47}},"4":{"start":{"line":147,"column":26},"end":{"line":147,"column":49}},"5":{"start":{"line":250,"column":49},"end":{"line":259,"column":1}},"6":{"start":{"line":263,"column":26},"end":{"line":320,"column":1}},"7":{"start":{"line":324,"column":25},"end":{"line":383,"column":1}}},"fnMap":{},"branchMap":{},"s":{"0":2,"1":2,"2":2,"3":2,"4":2,"5":2,"6":2,"7":2},"f":{},"b":{},"_coverageSchema":"1a1c01bbd47fc00a2c39e90264f33305004495a9","hash":"955127dbd871399a17b793944fac5ebe703292cf"}
}
