TN:
SF:context/FavoritesContext.tsx
FN:18,(anonymous_0)
FN:19,(anonymous_1)
FN:20,(anonymous_2)
FN:24,(anonymous_3)
FN:34,(anonymous_4)
FN:40,(anonymous_5)
FN:41,(anonymous_6)
FN:63,(anonymous_7)
FN:69,(anonymous_8)
FN:95,(anonymous_9)
FN:121,(anonymous_10)
FN:122,(anonymous_11)
FNF:12
FNH:8
FNDA:0,(anonymous_0)
FNDA:0,(anonymous_1)
FNDA:0,(anonymous_2)
FNDA:19,(anonymous_3)
FNDA:15,(anonymous_4)
FNDA:6,(anonymous_5)
FNDA:6,(anonymous_6)
FNDA:6,(anonymous_7)
FNDA:0,(anonymous_8)
FNDA:3,(anonymous_9)
FNDA:22,(anonymous_10)
FNDA:5,(anonymous_11)
DA:16,3
DA:18,0
DA:20,0
DA:24,3
DA:25,19
DA:26,19
DA:27,0
DA:29,19
DA:32,3
DA:34,3
DA:35,15
DA:36,15
DA:37,15
DA:40,15
DA:41,6
DA:42,6
DA:43,6
DA:44,6
DA:45,2
DA:47,6
DA:49,0
DA:56,0
DA:59,6
DA:63,15
DA:64,6
DA:65,0
DA:69,15
DA:70,0
DA:71,0
DA:72,0
DA:74,0
DA:75,0
DA:80,0
DA:85,0
DA:95,15
DA:96,3
DA:97,3
DA:98,0
DA:100,3
DA:102,3
DA:105,3
DA:106,3
DA:111,0
DA:121,22
DA:122,15
DA:124,15
LF:46
LH:31
BRDA:26,0,0,0
BRDA:26,0,1,19
BRDA:44,1,0,2
BRDA:44,1,1,4
BRDA:53,2,0,0
BRDA:53,2,1,0
BRDA:64,3,0,0
BRDA:64,3,1,6
BRDA:64,4,0,6
BRDA:64,4,1,6
BRDA:89,5,0,0
BRDA:89,5,1,0
BRDA:97,6,0,0
BRDA:97,6,1,3
BRDA:115,7,0,0
BRDA:115,7,1,0
BRF:16
BRH:7
end_of_record
TN:
SF:context/PremiumContext.tsx
FN:47,(anonymous_0)
FN:48,(anonymous_1)
FN:49,(anonymous_2)
FN:52,(anonymous_3)
FN:55,(anonymous_4)
FN:63,(anonymous_5)
FN:72,(anonymous_6)
FN:75,(anonymous_7)
FN:80,(anonymous_8)
FN:83,(anonymous_9)
FN:95,(anonymous_10)
FN:104,(anonymous_11)
FN:108,(anonymous_12)
FN:124,(anonymous_13)
FN:139,(anonymous_14)
FN:170,(anonymous_15)
FN:193,(anonymous_16)
FN:209,(anonymous_17)
FN:215,(anonymous_18)
FN:256,(anonymous_19)
FN:263,(anonymous_20)
FN:297,(anonymous_21)
FNF:22
FNH:0
FNDA:0,(anonymous_0)
FNDA:0,(anonymous_1)
FNDA:0,(anonymous_2)
FNDA:0,(anonymous_3)
FNDA:0,(anonymous_4)
FNDA:0,(anonymous_5)
FNDA:0,(anonymous_6)
FNDA:0,(anonymous_7)
FNDA:0,(anonymous_8)
FNDA:0,(anonymous_9)
FNDA:0,(anonymous_10)
FNDA:0,(anonymous_11)
FNDA:0,(anonymous_12)
FNDA:0,(anonymous_13)
FNDA:0,(anonymous_14)
FNDA:0,(anonymous_15)
FNDA:0,(anonymous_16)
FNDA:0,(anonymous_17)
FNDA:0,(anonymous_18)
FNDA:0,(anonymous_19)
FNDA:0,(anonymous_20)
FNDA:0,(anonymous_21)
DA:11,0
DA:13,0
DA:15,0
DA:18,0
DA:38,0
DA:47,0
DA:49,0
DA:52,0
DA:53,0
DA:55,0
DA:58,0
DA:59,0
DA:61,0
DA:64,0
DA:72,0
DA:73,0
DA:75,0
DA:76,0
DA:80,0
DA:81,0
DA:83,0
DA:84,0
DA:85,0
DA:88,0
DA:95,0
DA:96,0
DA:97,0
DA:98,0
DA:99,0
DA:100,0
DA:101,0
DA:102,0
DA:104,0
DA:105,0
DA:108,0
DA:109,0
DA:110,0
DA:113,0
DA:114,0
DA:115,0
DA:116,0
DA:118,0
DA:124,0
DA:125,0
DA:126,0
DA:129,0
DA:130,0
DA:131,0
DA:132,0
DA:134,0
DA:135,0
DA:139,0
DA:140,0
DA:142,0
DA:143,0
DA:144,0
DA:147,0
DA:148,0
DA:149,0
DA:152,0
DA:154,0
DA:155,0
DA:156,0
DA:157,0
DA:158,0
DA:160,0
DA:161,0
DA:164,0
DA:166,0
DA:170,0
DA:171,0
DA:173,0
DA:174,0
DA:175,0
DA:178,0
DA:180,0
DA:181,0
DA:182,0
DA:183,0
DA:184,0
DA:186,0
DA:187,0
DA:189,0
DA:193,0
DA:194,0
DA:196,0
DA:197,0
DA:198,0
DA:201,0
DA:203,0
DA:204,0
DA:205,0
DA:206,0
DA:209,0
DA:210,0
DA:211,0
DA:215,0
DA:216,0
DA:217,0
DA:218,0
DA:219,0
DA:221,0
DA:223,0
DA:224,0
DA:225,0
DA:226,0
DA:229,0
DA:230,0
DA:232,0
DA:233,0
DA:236,0
DA:237,0
DA:238,0
DA:244,0
DA:245,0
DA:248,0
DA:249,0
DA:254,0
DA:256,0
DA:257,0
DA:258,0
DA:262,0
DA:263,0
DA:292,0
DA:297,0
LF:125
LH:0
BRDA:13,0,0,0
BRDA:13,0,1,0
BRDA:15,1,0,0
BRDA:15,1,1,0
BRDA:59,2,0,0
BRDA:59,2,1,0
BRDA:62,3,0,0
BRDA:62,3,1,0
BRDA:62,3,2,0
BRDA:62,3,3,0
BRDA:73,4,0,0
BRDA:73,4,1,0
BRDA:73,4,2,0
BRDA:76,5,0,0
BRDA:76,5,1,0
BRDA:76,6,0,0
BRDA:76,6,1,0
BRDA:76,6,2,0
BRDA:81,7,0,0
BRDA:81,7,1,0
BRDA:84,8,0,0
BRDA:84,8,1,0
BRDA:84,9,0,0
BRDA:84,9,1,0
BRDA:109,10,0,0
BRDA:109,10,1,0
BRDA:125,11,0,0
BRDA:125,11,1,0
BRDA:142,12,0,0
BRDA:142,12,1,0
BRDA:147,13,0,0
BRDA:147,13,1,0
BRDA:160,14,0,0
BRDA:160,14,1,0
BRDA:173,15,0,0
BRDA:173,15,1,0
BRDA:196,16,0,0
BRDA:196,16,1,0
BRDA:203,17,0,0
BRDA:203,17,1,0
BRDA:210,18,0,0
BRDA:210,18,1,0
BRDA:217,19,0,0
BRDA:217,19,1,0
BRDA:223,20,0,0
BRDA:223,20,1,0
BRDA:232,21,0,0
BRDA:232,21,1,0
BRDA:236,22,0,0
BRDA:236,22,1,0
BRDA:244,23,0,0
BRDA:244,23,1,0
BRDA:248,24,0,0
BRDA:248,24,1,0
BRF:54
BRH:0
end_of_record
TN:
SF:context/QuizHistoryContext.tsx
FN:29,(anonymous_0)
FN:30,(anonymous_1)
FN:36,(anonymous_2)
FN:37,(anonymous_3)
FN:41,(anonymous_4)
FN:54,calculateStreak
FN:58,(anonymous_6)
FN:93,(anonymous_7)
FN:100,(anonymous_8)
FN:101,(anonymous_9)
FN:125,(anonymous_10)
FN:135,(anonymous_11)
FN:136,(anonymous_12)
FN:150,(anonymous_13)
FN:178,(anonymous_14)
FN:186,(anonymous_15)
FN:193,(anonymous_16)
FN:213,(anonymous_17)
FN:220,(anonymous_18)
FN:227,(anonymous_19)
FN:245,(anonymous_20)
FNF:21
FNH:13
FNDA:0,(anonymous_0)
FNDA:0,(anonymous_1)
FNDA:0,(anonymous_2)
FNDA:0,(anonymous_3)
FNDA:4,(anonymous_4)
FNDA:2,calculateStreak
FNDA:0,(anonymous_6)
FNDA:3,(anonymous_7)
FNDA:1,(anonymous_8)
FNDA:1,(anonymous_9)
FNDA:4,(anonymous_10)
FNDA:2,(anonymous_11)
FNDA:2,(anonymous_12)
FNDA:1,(anonymous_13)
FNDA:1,(anonymous_14)
FNDA:1,(anonymous_15)
FNDA:0,(anonymous_16)
FNDA:4,(anonymous_17)
FNDA:0,(anonymous_18)
FNDA:0,(anonymous_19)
FNDA:3,(anonymous_20)
DA:28,1
DA:30,0
DA:36,0
DA:41,1
DA:42,4
DA:43,4
DA:44,0
DA:46,4
DA:49,1
DA:55,2
DA:58,2
DA:61,2
DA:62,2
DA:63,2
DA:64,2
DA:68,2
DA:71,2
DA:72,2
DA:73,2
DA:75,2
DA:76,2
DA:77,2
DA:79,2
DA:83,2
DA:84,2
DA:86,0
DA:90,2
DA:93,1
DA:96,3
DA:97,3
DA:100,3
DA:101,1
DA:102,1
DA:103,1
DA:104,1
DA:105,0
DA:107,1
DA:109,0
DA:116,0
DA:119,1
DA:125,3
DA:126,4
DA:127,2
DA:135,2
DA:136,2
DA:137,2
DA:139,2
DA:150,3
DA:151,1
DA:154,1
DA:160,1
DA:165,0
DA:178,3
DA:181,1
DA:186,1
DA:187,1
DA:190,1
DA:194,0
DA:204,1
DA:206,1
DA:213,3
DA:214,4
DA:220,3
DA:221,0
DA:227,3
DA:228,0
DA:230,0
DA:231,0
DA:233,0
DA:240,0
DA:244,3
DA:245,3
DA:255,3
LF:73
LH:58
BRDA:43,0,0,0
BRDA:43,0,1,4
BRDA:55,1,0,0
BRDA:55,1,1,2
BRDA:83,2,0,2
BRDA:83,2,1,0
BRDA:104,3,0,0
BRDA:104,3,1,1
BRDA:113,4,0,0
BRDA:113,4,1,0
BRDA:126,5,0,2
BRDA:126,5,1,2
BRDA:169,6,0,0
BRDA:169,6,1,0
BRDA:198,7,0,0
BRDA:198,7,1,0
BRDA:237,8,0,0
BRDA:237,8,1,0
BRF:18
BRH:6
end_of_record
TN:
SF:context/ThemeContext.tsx
FN:43,(anonymous_0)
FN:54,(anonymous_1)
FN:57,(anonymous_2)
FN:83,(anonymous_3)
FN:90,(anonymous_4)
FN:96,(anonymous_5)
FN:147,(anonymous_6)
FNF:7
FNH:7
FNDA:858,(anonymous_0)
FNDA:286,(anonymous_1)
FNDA:286,(anonymous_2)
FNDA:286,(anonymous_3)
FNDA:575,(anonymous_4)
FNDA:6,(anonymous_5)
FNDA:534,(anonymous_6)
DA:18,14
DA:35,14
DA:43,14
DA:44,858
DA:45,858
DA:46,858
DA:51,858
DA:54,858
DA:55,286
DA:57,286
DA:58,286
DA:59,286
DA:60,284
DA:62,284
DA:63,5
DA:64,5
DA:67,279
DA:70,2
DA:71,2
DA:76,2
DA:78,286
DA:82,286
DA:83,286
DA:90,858
DA:91,575
DA:92,280
DA:96,858
DA:97,6
DA:98,6
DA:99,6
DA:100,6
DA:101,6
DA:103,0
DA:114,858
DA:116,858
DA:126,858
DA:134,858
DA:135,303
DA:138,555
DA:147,14
DA:148,534
DA:149,534
DA:150,0
DA:152,534
LF:44
LH:42
BRDA:60,0,0,0
BRDA:60,0,1,284
BRDA:62,1,0,5
BRDA:62,1,1,279
BRDA:70,2,0,0
BRDA:70,2,1,2
BRDA:74,3,0,2
BRDA:74,3,1,0
BRDA:78,4,0,286
BRDA:78,4,1,0
BRDA:91,5,0,280
BRDA:91,5,1,295
BRDA:91,6,0,575
BRDA:91,6,1,289
BRDA:101,7,0,5
BRDA:101,7,1,1
BRDA:107,8,0,0
BRDA:107,8,1,0
BRDA:108,9,0,0
BRDA:108,9,1,0
BRDA:114,10,0,9
BRDA:114,10,1,849
BRDA:134,11,0,303
BRDA:134,11,1,555
BRDA:149,12,0,0
BRDA:149,12,1,534
BRF:26
BRH:17
end_of_record
TN:
SF:context/index.ts
FNF:0
FNH:0
LF:0
LH:0
BRF:0
BRH:0
end_of_record
TN:
SF:src/components/AdBanner.tsx
FN:12,(anonymous_0)
FNF:1
FNH:0
FNDA:0,(anonymous_0)
DA:10,0
DA:12,0
DA:13,0
DA:26,0
LF:4
LH:0
BRDA:10,0,0,0
BRDA:10,0,1,0
BRF:2
BRH:0
end_of_record
TN:
SF:src/components/ErrorBoundary.tsx
FN:17,(anonymous_0)
FN:22,(anonymous_1)
FN:30,(anonymous_2)
FN:42,(anonymous_3)
FN:46,(anonymous_4)
FN:144,(anonymous_5)
FNF:6
FNH:0
FNDA:0,(anonymous_0)
FNDA:0,(anonymous_1)
FNDA:0,(anonymous_2)
FNDA:0,(anonymous_3)
FNDA:0,(anonymous_4)
FNDA:0,(anonymous_5)
DA:18,0
DA:19,0
DA:23,0
DA:31,0
DA:42,0
DA:43,0
DA:47,0
DA:48,0
DA:147,0
DA:172,0
LF:10
LH:0
BRDA:47,0,0,0
BRDA:47,0,1,0
BRDA:97,1,0,0
BRDA:97,1,1,0
BRF:4
BRH:0
end_of_record
TN:
SF:src/components/Navigation/FloatingNavBar.tsx
FN:21,FloatingNavBar
FN:53,(anonymous_1)
FN:58,(anonymous_2)
FNF:3
FNH:3
FNDA:40,FloatingNavBar
FNDA:192,(anonymous_1)
FNDA:4,(anonymous_2)
DA:27,40
DA:28,40
DA:29,40
DA:34,40
DA:36,40
DA:54,192
DA:58,4
LF:7
LH:7
BRDA:25,0,0,0
BRF:1
BRH:0
end_of_record
TN:
SF:src/components/Navigation/NavBarIcon.tsx
FN:17,NavBarIcon
FN:20,(anonymous_1)
FNF:2
FNH:2
FNDA:192,NavBarIcon
FNDA:4,(anonymous_1)
DA:18,192
DA:20,192
DA:21,4
DA:22,4
DA:25,192
LF:5
LH:5
BRDA:36,0,0,39
BRDA:36,0,1,153
BRDA:37,1,0,39
BRDA:37,1,1,153
BRF:4
BRH:4
end_of_record
TN:
SF:src/components/Navigation/TopBar.tsx
FN:19,TopBar
FN:31,(anonymous_1)
FN:36,(anonymous_2)
FNF:3
FNH:3
FNDA:32,TopBar
FNDA:2,(anonymous_1)
FNDA:2,(anonymous_2)
DA:28,32
DA:29,32
DA:31,32
DA:32,2
DA:33,2
DA:36,32
DA:37,2
DA:38,2
DA:41,32
LF:9
LH:9
BRDA:21,0,0,29
BRDA:23,1,0,24
BRDA:52,2,0,2
BRDA:52,2,1,30
BRDA:57,3,0,32
BRDA:57,3,1,8
BRDA:73,4,0,3
BRDA:73,4,1,29
BRDA:74,5,0,3
BRDA:74,5,1,29
BRDA:75,6,0,3
BRDA:75,6,1,29
BRDA:76,7,0,3
BRDA:76,7,1,29
BRDA:79,8,0,3
BRDA:79,8,1,29
BRDA:84,9,0,32
BRDA:84,9,1,10
BRF:18
BRH:18
end_of_record
TN:
SF:src/components/Navigation/index.ts
FNF:0
FNH:0
LF:0
LH:0
BRF:0
BRH:0
end_of_record
TN:
SF:src/components/ui/Badge.tsx
FN:14,Badge
FN:17,(anonymous_1)
FNF:2
FNH:2
FNDA:40,Badge
FNDA:40,(anonymous_1)
DA:15,40
DA:17,40
DA:18,40
DA:19,3
DA:20,4
DA:21,4
DA:22,29
DA:26,40
LF:8
LH:8
BRDA:14,0,0,25
BRDA:18,1,0,3
BRDA:18,1,1,4
BRDA:18,1,2,4
BRDA:18,1,3,29
BRDA:41,2,0,40
BRDA:41,2,1,11
BRF:7
BRH:7
end_of_record
TN:
SF:src/components/ui/Button.tsx
FN:18,Button
FN:30,(anonymous_1)
FN:34,(anonymous_2)
FN:41,(anonymous_3)
FN:72,(anonymous_4)
FN:82,(anonymous_5)
FN:83,(anonymous_6)
FNF:7
FNH:4
FNDA:25,Button
FNDA:0,(anonymous_1)
FNDA:5,(anonymous_2)
FNDA:25,(anonymous_3)
FNDA:25,(anonymous_4)
FNDA:0,(anonymous_5)
FNDA:0,(anonymous_6)
DA:27,25
DA:28,25
DA:30,25
DA:34,25
DA:35,5
DA:36,5
DA:37,5
DA:41,25
DA:42,25
DA:51,25
DA:53,1
DA:61,1
DA:63,23
DA:72,25
DA:73,25
DA:74,2
DA:75,1
DA:78,25
DA:82,0
DA:83,0
LF:20
LH:18
BRDA:21,0,0,22
BRDA:22,1,0,21
BRDA:35,2,0,5
BRDA:35,2,1,0
BRDA:51,3,0,1
BRDA:51,3,1,1
BRDA:51,3,2,23
BRDA:57,4,0,0
BRDA:57,4,1,1
BRDA:66,5,0,4
BRDA:66,5,1,19
BRDA:73,6,0,23
BRDA:73,6,1,2
BRDA:74,7,0,1
BRDA:74,7,1,1
BRDA:74,8,0,0
BRDA:74,8,1,1
BRDA:86,9,0,25
BRDA:86,9,1,23
BRF:19
BRH:16
end_of_record
TN:
SF:src/components/ui/Card.tsx
FN:15,Card
FN:25,(anonymous_1)
FN:33,(anonymous_2)
FN:34,(anonymous_3)
FNF:4
FNH:3
FNDA:25,Card
FNDA:0,(anonymous_1)
FNDA:1,(anonymous_2)
FNDA:1,(anonymous_3)
DA:22,25
DA:23,25
DA:25,25
DA:29,25
DA:33,1
DA:34,1
LF:6
LH:6
BRDA:19,0,0,19
BRDA:20,1,0,22
BRDA:33,2,0,3
BRDA:33,2,1,22
BRDA:34,3,0,3
BRDA:34,3,1,22
BRF:6
BRH:6
end_of_record
TN:
SF:src/components/ui/ComparisonTable.tsx
FN:22,(anonymous_0)
FN:30,(anonymous_1)
FN:34,(anonymous_2)
FN:38,(anonymous_3)
FN:44,(anonymous_4)
FN:48,(anonymous_5)
FN:69,(anonymous_6)
FN:79,(anonymous_7)
FN:95,(anonymous_8)
FNF:9
FNH:9
FNDA:1,(anonymous_0)
FNDA:2,(anonymous_1)
FNDA:2,(anonymous_2)
FNDA:2,(anonymous_3)
FNDA:2,(anonymous_4)
FNDA:2,(anonymous_5)
FNDA:2,(anonymous_6)
FNDA:5,(anonymous_7)
FNDA:10,(anonymous_8)
DA:22,1
DA:23,1
DA:24,1
DA:25,1
DA:27,1
DA:30,2
DA:34,2
DA:39,2
DA:44,2
DA:48,2
DA:52,1
DA:54,1
DA:70,2
DA:80,5
DA:96,10
DA:107,1
LF:16
LH:16
BRDA:30,0,0,2
BRDA:30,0,1,2
BRDA:34,1,0,2
BRDA:34,1,1,2
BRDA:39,2,0,0
BRDA:39,2,1,2
BRDA:39,3,0,0
BRDA:39,3,1,0
BRDA:44,4,0,2
BRDA:44,4,1,2
BRDA:48,5,0,2
BRDA:48,5,1,2
BRDA:86,6,0,3
BRDA:86,6,1,2
BRF:14
BRH:11
end_of_record
TN:
SF:src/components/ui/EmptyStateCard.tsx
FN:41,(anonymous_0)
FN:53,(anonymous_1)
FN:119,createStyles
FNF:3
FNH:0
FNDA:0,(anonymous_0)
FNDA:0,(anonymous_1)
FNDA:0,createStyles
DA:41,0
DA:50,0
DA:51,0
DA:53,0
DA:54,0
DA:56,0
DA:57,0
DA:61,0
DA:62,0
DA:64,0
DA:120,0
DA:170,0
DA:171,0
LF:13
LH:0
BRDA:42,0,0,0
BRDA:47,1,0,0
BRDA:48,2,0,0
BRDA:56,3,0,0
BRDA:56,3,1,0
BRDA:61,4,0,0
BRDA:61,4,1,0
BRDA:62,5,0,0
BRDA:62,5,1,0
BRDA:62,5,2,0
BRDA:88,6,0,0
BRDA:88,6,1,0
BRDA:97,7,0,0
BRDA:97,7,1,0
BRF:14
BRH:0
end_of_record
TN:
SF:src/components/ui/ErrorCard.tsx
FN:40,(anonymous_0)
FN:52,(anonymous_1)
FN:61,(anonymous_2)
FN:151,getErrorIcon
FN:170,createStyles
FNF:5
FNH:0
FNDA:0,(anonymous_0)
FNDA:0,(anonymous_1)
FNDA:0,(anonymous_2)
FNDA:0,getErrorIcon
FNDA:0,createStyles
DA:40,0
DA:48,0
DA:49,0
DA:50,0
DA:52,0
DA:54,0
DA:56,0
DA:57,0
DA:61,0
DA:63,0
DA:65,0
DA:66,0
DA:70,0
DA:71,0
DA:73,0
DA:154,0
DA:156,0
DA:158,0
DA:160,0
DA:162,0
DA:164,0
DA:166,0
DA:171,0
DA:251,0
DA:252,0
LF:25
LH:0
BRDA:44,0,0,0
BRDA:45,1,0,0
BRDA:46,2,0,0
BRDA:50,3,0,0
BRDA:50,3,1,0
BRDA:56,4,0,0
BRDA:56,4,1,0
BRDA:65,5,0,0
BRDA:65,5,1,0
BRDA:70,6,0,0
BRDA:70,6,1,0
BRDA:98,7,0,0
BRDA:98,7,1,0
BRDA:106,8,0,0
BRDA:106,8,1,0
BRDA:106,8,2,0
BRDA:108,9,0,0
BRDA:108,9,1,0
BRDA:127,10,0,0
BRDA:127,10,1,0
BRDA:154,11,0,0
BRDA:154,11,1,0
BRDA:154,11,2,0
BRDA:154,11,3,0
BRDA:154,11,4,0
BRDA:154,11,5,0
BRF:26
BRH:0
end_of_record
TN:
SF:src/components/ui/Input.tsx
FN:17,Input
FN:55,(anonymous_1)
FN:56,(anonymous_2)
FNF:3
FNH:3
FNDA:50,Input
FNDA:7,(anonymous_1)
FNDA:5,(anonymous_2)
DA:26,50
DA:27,50
DA:29,50
DA:55,7
DA:56,5
LF:5
LH:5
BRDA:22,0,0,48
BRDA:39,1,0,7
BRDA:39,1,1,43
BRDA:40,2,0,7
BRDA:40,2,1,43
BRDA:43,3,0,50
BRDA:43,3,1,11
BRDA:47,4,0,2
BRDA:47,4,1,9
BRDA:59,5,0,50
BRDA:59,5,1,48
BRF:11
BRH:11
end_of_record
TN:
SF:src/components/ui/ProgressBar.tsx
FN:13,ProgressBar
FN:17,(anonymous_1)
FN:21,(anonymous_2)
FNF:3
FNH:2
FNDA:37,ProgressBar
FNDA:37,(anonymous_1)
FNDA:0,(anonymous_2)
DA:14,37
DA:15,37
DA:17,37
DA:18,37
DA:21,37
DA:25,37
LF:6
LH:6
BRDA:40,0,0,37
BRDA:40,0,1,27
BRF:2
BRH:2
end_of_record
TN:
SF:src/components/ui/QuestionCard.tsx
FN:28,QuestionCard
FNF:1
FNH:0
FNDA:0,QuestionCard
DA:16,0
DA:22,0
DA:34,0
DA:36,0
LF:4
LH:0
BRDA:31,0,0,0
BRDA:72,1,0,0
BRDA:72,1,1,0
BRF:3
BRH:0
end_of_record
TN:
SF:src/components/ui/RetryErrorBanner.tsx
FN:23,(anonymous_0)
FN:36,(anonymous_1)
FNF:2
FNH:0
FNDA:0,(anonymous_0)
FNDA:0,(anonymous_1)
DA:23,0
DA:33,0
DA:34,0
DA:36,0
DA:37,0
DA:38,0
DA:44,0
DA:52,0
DA:53,0
DA:56,0
DA:57,0
DA:62,0
DA:67,0
DA:147,0
LF:14
LH:0
BRDA:28,0,0,0
BRDA:29,1,0,0
BRDA:30,2,0,0
BRDA:31,3,0,0
BRDA:37,4,0,0
BRDA:37,4,1,0
BRDA:52,5,0,0
BRDA:52,5,1,0
BRDA:56,6,0,0
BRDA:56,6,1,0
BRDA:56,7,0,0
BRDA:56,7,1,0
BRDA:74,8,0,0
BRDA:74,8,1,0
BRDA:90,9,0,0
BRDA:90,9,1,0
BRDA:90,9,2,0
BRDA:99,10,0,0
BRDA:99,10,1,0
BRDA:117,11,0,0
BRDA:117,11,1,0
BRDA:117,11,2,0
BRDA:117,11,3,0
BRDA:125,12,0,0
BRDA:125,12,1,0
BRDA:128,13,0,0
BRDA:128,13,1,0
BRDA:134,14,0,0
BRDA:134,14,1,0
BRF:29
BRH:0
end_of_record
TN:
SF:src/components/ui/SearchBar.tsx
FN:19,(anonymous_0)
FN:27,(anonymous_1)
FN:49,(anonymous_2)
FNF:3
FNH:3
FNDA:14,(anonymous_0)
FNDA:1,(anonymous_1)
FNDA:6,(anonymous_2)
DA:19,3
DA:24,14
DA:25,14
DA:27,14
DA:28,1
DA:29,1
DA:32,14
DA:33,14
DA:34,14
DA:36,14
DA:50,6
DA:51,6
DA:69,3
LF:13
LH:13
BRDA:21,0,0,5
BRDA:33,1,0,0
BRDA:33,1,1,14
BRDA:34,2,0,0
BRDA:34,2,1,14
BRDA:47,3,0,0
BRDA:47,3,1,14
BRDA:55,4,0,14
BRDA:55,4,1,6
BRF:9
BRH:6
end_of_record
TN:
SF:src/components/ui/ToggleSwitch.tsx
FN:16,ToggleSwitch
FN:20,(anonymous_1)
FN:24,(anonymous_2)
FN:31,(anonymous_3)
FNF:4
FNH:3
FNDA:32,ToggleSwitch
FNDA:32,(anonymous_1)
FNDA:21,(anonymous_2)
FNDA:0,(anonymous_3)
DA:17,32
DA:18,32
DA:20,32
DA:21,32
DA:24,32
DA:25,21
DA:26,21
DA:27,21
DA:28,21
DA:31,32
DA:35,32
LF:11
LH:11
BRDA:18,0,0,7
BRDA:18,0,1,25
BRDA:21,1,0,7
BRDA:21,1,1,25
BRDA:28,2,0,20
BRDA:28,2,1,1
BRDA:37,3,0,32
BRDA:37,3,1,6
BRDA:46,4,0,32
BRDA:46,4,1,31
BRDA:51,5,0,7
BRDA:51,5,1,25
BRDA:71,6,0,7
BRDA:71,6,1,25
BRF:14
BRH:14
end_of_record
TN:
SF:src/hooks/useRetry.ts
FN:29,useRetry
FN:47,(anonymous_1)
FN:70,(anonymous_2)
FN:73,(anonymous_3)
FN:92,(anonymous_4)
FNF:5
FNH:0
FNDA:0,useRetry
FNDA:0,(anonymous_1)
FNDA:0,(anonymous_2)
FNDA:0,(anonymous_3)
FNDA:0,(anonymous_4)
DA:39,0
DA:41,0
DA:42,0
DA:43,0
DA:44,0
DA:45,0
DA:47,0
DA:48,0
DA:49,0
DA:50,0
DA:52,0
DA:53,0
DA:57,0
DA:58,0
DA:59,0
DA:61,0
DA:62,0
DA:63,0
DA:65,0
DA:66,0
DA:70,0
DA:71,0
DA:72,0
DA:73,0
DA:75,0
DA:76,0
DA:80,0
DA:81,0
DA:82,0
DA:84,0
DA:85,0
DA:86,0
DA:88,0
DA:92,0
DA:93,0
DA:94,0
DA:95,0
DA:96,0
DA:97,0
DA:100,0
LF:40
LH:0
BRDA:32,0,0,0
BRDA:35,1,0,0
BRDA:36,2,0,0
BRDA:61,3,0,0
BRDA:61,3,1,0
BRDA:84,4,0,0
BRDA:84,4,1,0
BRF:7
BRH:0
end_of_record
TN:
SF:theme/index.ts
FNF:0
FNH:0
LF:0
LH:0
BRF:0
BRH:0
end_of_record
TN:
SF:theme/tokens.ts
FNF:0
FNH:0
DA:5,16
DA:75,16
DA:134,16
DA:135,16
DA:136,16
DA:213,16
DA:226,16
DA:276,16
LF:8
LH:8
BRF:0
BRH:0
end_of_record
