TN:
SF:context/FavoritesContext.tsx
FN:18,(anonymous_0)
FN:19,(anonymous_1)
FN:20,(anonymous_2)
FN:24,(anonymous_3)
FN:34,(anonymous_4)
FN:40,(anonymous_5)
FN:41,(anonymous_6)
FN:65,(anonymous_7)
FN:73,(anonymous_8)
FN:77,(anonymous_9)
FN:79,(anonymous_10)
FN:80,(anonymous_11)
FN:83,(anonymous_12)
FN:89,(anonymous_13)
FN:109,(anonymous_14)
FN:119,(anonymous_15)
FN:170,(anonymous_16)
FN:171,(anonymous_17)
FNF:18
FNH:0
FNDA:0,(anonymous_0)
FNDA:0,(anonymous_1)
FNDA:0,(anonymous_2)
FNDA:0,(anonymous_3)
FNDA:0,(anonymous_4)
FNDA:0,(anonymous_5)
FNDA:0,(anonymous_6)
FNDA:0,(anonymous_7)
FNDA:0,(anonymous_8)
FNDA:0,(anonymous_9)
FNDA:0,(anonymous_10)
FNDA:0,(anonymous_11)
FNDA:0,(anonymous_12)
FNDA:0,(anonymous_13)
FNDA:0,(anonymous_14)
FNDA:0,(anonymous_15)
FNDA:0,(anonymous_16)
FNDA:0,(anonymous_17)
DA:16,0
DA:18,0
DA:20,0
DA:24,0
DA:25,0
DA:26,0
DA:27,0
DA:29,0
DA:32,0
DA:34,0
DA:35,0
DA:36,0
DA:37,0
DA:40,0
DA:41,0
DA:42,0
DA:43,0
DA:44,0
DA:45,0
DA:47,0
DA:49,0
DA:56,0
DA:59,0
DA:63,0
DA:65,0
DA:73,0
DA:74,0
DA:75,0
DA:76,0
DA:77,0
DA:79,0
DA:80,0
DA:82,0
DA:84,0
DA:89,0
DA:92,0
DA:97,0
DA:109,0
DA:110,0
DA:111,0
DA:119,0
DA:120,0
DA:121,0
DA:122,0
DA:123,0
DA:125,0
DA:127,0
DA:130,0
DA:131,0
DA:136,0
DA:147,0
DA:148,0
DA:149,0
DA:150,0
DA:151,0
DA:153,0
DA:159,0
DA:170,0
DA:171,0
DA:173,0
LF:60
LH:0
BRDA:26,0,0,0
BRDA:26,0,1,0
BRDA:44,1,0,0
BRDA:44,1,1,0
BRDA:53,2,0,0
BRDA:53,2,1,0
BRDA:101,3,0,0
BRDA:101,3,1,0
BRDA:110,4,0,0
BRDA:110,4,1,0
BRDA:122,5,0,0
BRDA:122,5,1,0
BRDA:140,6,0,0
BRDA:140,6,1,0
BRDA:147,7,0,0
BRDA:147,7,1,0
BRDA:150,8,0,0
BRDA:150,8,1,0
BRDA:163,9,0,0
BRDA:163,9,1,0
BRF:20
BRH:0
end_of_record
TN:
SF:context/PremiumContext.tsx
FN:47,(anonymous_0)
FN:48,(anonymous_1)
FN:49,(anonymous_2)
FN:52,(anonymous_3)
FN:55,(anonymous_4)
FN:63,(anonymous_5)
FN:72,(anonymous_6)
FN:75,(anonymous_7)
FN:80,(anonymous_8)
FN:83,(anonymous_9)
FN:95,(anonymous_10)
FN:104,(anonymous_11)
FN:108,(anonymous_12)
FN:124,(anonymous_13)
FN:139,(anonymous_14)
FN:170,(anonymous_15)
FN:193,(anonymous_16)
FN:209,(anonymous_17)
FN:215,(anonymous_18)
FN:256,(anonymous_19)
FN:263,(anonymous_20)
FN:297,(anonymous_21)
FNF:22
FNH:0
FNDA:0,(anonymous_0)
FNDA:0,(anonymous_1)
FNDA:0,(anonymous_2)
FNDA:0,(anonymous_3)
FNDA:0,(anonymous_4)
FNDA:0,(anonymous_5)
FNDA:0,(anonymous_6)
FNDA:0,(anonymous_7)
FNDA:0,(anonymous_8)
FNDA:0,(anonymous_9)
FNDA:0,(anonymous_10)
FNDA:0,(anonymous_11)
FNDA:0,(anonymous_12)
FNDA:0,(anonymous_13)
FNDA:0,(anonymous_14)
FNDA:0,(anonymous_15)
FNDA:0,(anonymous_16)
FNDA:0,(anonymous_17)
FNDA:0,(anonymous_18)
FNDA:0,(anonymous_19)
FNDA:0,(anonymous_20)
FNDA:0,(anonymous_21)
DA:11,0
DA:13,0
DA:15,0
DA:18,0
DA:38,0
DA:47,0
DA:49,0
DA:52,0
DA:53,0
DA:55,0
DA:58,0
DA:59,0
DA:61,0
DA:64,0
DA:72,0
DA:73,0
DA:75,0
DA:76,0
DA:80,0
DA:81,0
DA:83,0
DA:84,0
DA:85,0
DA:88,0
DA:95,0
DA:96,0
DA:97,0
DA:98,0
DA:99,0
DA:100,0
DA:101,0
DA:102,0
DA:104,0
DA:105,0
DA:108,0
DA:109,0
DA:110,0
DA:113,0
DA:114,0
DA:115,0
DA:116,0
DA:118,0
DA:124,0
DA:125,0
DA:126,0
DA:129,0
DA:130,0
DA:131,0
DA:132,0
DA:134,0
DA:135,0
DA:139,0
DA:140,0
DA:142,0
DA:143,0
DA:144,0
DA:147,0
DA:148,0
DA:149,0
DA:152,0
DA:154,0
DA:155,0
DA:156,0
DA:157,0
DA:158,0
DA:160,0
DA:161,0
DA:164,0
DA:166,0
DA:170,0
DA:171,0
DA:173,0
DA:174,0
DA:175,0
DA:178,0
DA:180,0
DA:181,0
DA:182,0
DA:183,0
DA:184,0
DA:186,0
DA:187,0
DA:189,0
DA:193,0
DA:194,0
DA:196,0
DA:197,0
DA:198,0
DA:201,0
DA:203,0
DA:204,0
DA:205,0
DA:206,0
DA:209,0
DA:210,0
DA:211,0
DA:215,0
DA:216,0
DA:217,0
DA:218,0
DA:219,0
DA:221,0
DA:223,0
DA:224,0
DA:225,0
DA:226,0
DA:229,0
DA:230,0
DA:232,0
DA:233,0
DA:236,0
DA:237,0
DA:238,0
DA:244,0
DA:245,0
DA:248,0
DA:249,0
DA:254,0
DA:256,0
DA:257,0
DA:258,0
DA:262,0
DA:263,0
DA:292,0
DA:297,0
LF:125
LH:0
BRDA:13,0,0,0
BRDA:13,0,1,0
BRDA:15,1,0,0
BRDA:15,1,1,0
BRDA:59,2,0,0
BRDA:59,2,1,0
BRDA:62,3,0,0
BRDA:62,3,1,0
BRDA:62,3,2,0
BRDA:62,3,3,0
BRDA:73,4,0,0
BRDA:73,4,1,0
BRDA:73,4,2,0
BRDA:76,5,0,0
BRDA:76,5,1,0
BRDA:76,6,0,0
BRDA:76,6,1,0
BRDA:76,6,2,0
BRDA:81,7,0,0
BRDA:81,7,1,0
BRDA:84,8,0,0
BRDA:84,8,1,0
BRDA:84,9,0,0
BRDA:84,9,1,0
BRDA:109,10,0,0
BRDA:109,10,1,0
BRDA:125,11,0,0
BRDA:125,11,1,0
BRDA:142,12,0,0
BRDA:142,12,1,0
BRDA:147,13,0,0
BRDA:147,13,1,0
BRDA:160,14,0,0
BRDA:160,14,1,0
BRDA:173,15,0,0
BRDA:173,15,1,0
BRDA:196,16,0,0
BRDA:196,16,1,0
BRDA:203,17,0,0
BRDA:203,17,1,0
BRDA:210,18,0,0
BRDA:210,18,1,0
BRDA:217,19,0,0
BRDA:217,19,1,0
BRDA:223,20,0,0
BRDA:223,20,1,0
BRDA:232,21,0,0
BRDA:232,21,1,0
BRDA:236,22,0,0
BRDA:236,22,1,0
BRDA:244,23,0,0
BRDA:244,23,1,0
BRDA:248,24,0,0
BRDA:248,24,1,0
BRF:54
BRH:0
end_of_record
TN:
SF:context/QuizHistoryContext.tsx
FN:29,(anonymous_0)
FN:30,(anonymous_1)
FN:36,(anonymous_2)
FN:37,(anonymous_3)
FN:41,(anonymous_4)
FN:56,toLocalDateKey
FN:64,parseLocalDateKey
FN:76,calculateStreak
FN:80,(anonymous_8)
FN:81,(anonymous_9)
FN:111,(anonymous_10)
FN:118,(anonymous_11)
FN:119,(anonymous_12)
FN:143,(anonymous_13)
FN:153,(anonymous_14)
FN:154,(anonymous_15)
FN:168,(anonymous_16)
FN:196,(anonymous_17)
FN:204,(anonymous_18)
FN:211,(anonymous_19)
FN:231,(anonymous_20)
FN:238,(anonymous_21)
FN:245,(anonymous_22)
FN:263,(anonymous_23)
FNF:24
FNH:2
FNDA:0,(anonymous_0)
FNDA:96,(anonymous_1)
FNDA:0,(anonymous_2)
FNDA:0,(anonymous_3)
FNDA:96,(anonymous_4)
FNDA:0,toLocalDateKey
FNDA:0,parseLocalDateKey
FNDA:0,calculateStreak
FNDA:0,(anonymous_8)
FNDA:0,(anonymous_9)
FNDA:0,(anonymous_10)
FNDA:0,(anonymous_11)
FNDA:0,(anonymous_12)
FNDA:0,(anonymous_13)
FNDA:0,(anonymous_14)
FNDA:0,(anonymous_15)
FNDA:0,(anonymous_16)
FNDA:0,(anonymous_17)
FNDA:0,(anonymous_18)
FNDA:0,(anonymous_19)
FNDA:0,(anonymous_20)
FNDA:0,(anonymous_21)
FNDA:0,(anonymous_22)
FNDA:0,(anonymous_23)
DA:28,1
DA:30,96
DA:36,0
DA:41,1
DA:42,96
DA:43,96
DA:44,0
DA:46,96
DA:49,1
DA:57,0
DA:58,0
DA:65,0
DA:66,0
DA:77,0
DA:79,0
DA:80,0
DA:81,0
DA:83,0
DA:84,0
DA:85,0
DA:86,0
DA:88,0
DA:89,0
DA:90,0
DA:93,0
DA:94,0
DA:95,0
DA:96,0
DA:97,0
DA:98,0
DA:100,0
DA:101,0
DA:102,0
DA:104,0
DA:108,0
DA:111,1
DA:114,0
DA:115,0
DA:118,0
DA:119,0
DA:120,0
DA:121,0
DA:122,0
DA:123,0
DA:125,0
DA:127,0
DA:134,0
DA:137,0
DA:143,0
DA:144,0
DA:145,0
DA:153,0
DA:154,0
DA:155,0
DA:157,0
DA:168,0
DA:169,0
DA:172,0
DA:178,0
DA:183,0
DA:196,0
DA:199,0
DA:204,0
DA:205,0
DA:208,0
DA:212,0
DA:222,0
DA:224,0
DA:231,0
DA:232,0
DA:238,0
DA:239,0
DA:245,0
DA:246,0
DA:248,0
DA:249,0
DA:251,0
DA:258,0
DA:262,0
DA:263,0
DA:273,0
LF:81
LH:8
BRDA:43,0,0,0
BRDA:43,0,1,96
BRDA:77,1,0,0
BRDA:77,1,1,0
BRDA:81,2,0,0
BRDA:81,2,1,0
BRDA:81,3,0,0
BRDA:81,3,1,0
BRDA:89,4,0,0
BRDA:89,4,1,0
BRDA:89,5,0,0
BRDA:89,5,1,0
BRDA:100,6,0,0
BRDA:100,6,1,0
BRDA:122,7,0,0
BRDA:122,7,1,0
BRDA:131,8,0,0
BRDA:131,8,1,0
BRDA:144,9,0,0
BRDA:144,9,1,0
BRDA:187,10,0,0
BRDA:187,10,1,0
BRDA:216,11,0,0
BRDA:216,11,1,0
BRDA:255,12,0,0
BRDA:255,12,1,0
BRF:26
BRH:1
end_of_record
TN:
SF:context/ThemeContext.tsx
FN:43,(anonymous_0)
FN:54,(anonymous_1)
FN:57,(anonymous_2)
FN:83,(anonymous_3)
FN:90,(anonymous_4)
FN:96,(anonymous_5)
FN:148,(anonymous_6)
FNF:7
FNH:7
FNDA:156,(anonymous_0)
FNDA:51,(anonymous_1)
FNDA:51,(anonymous_2)
FNDA:51,(anonymous_3)
FNDA:105,(anonymous_4)
FNDA:3,(anonymous_5)
FNDA:1933,(anonymous_6)
DA:18,2
DA:35,2
DA:43,2
DA:44,156
DA:45,156
DA:46,156
DA:51,156
DA:54,156
DA:55,51
DA:57,51
DA:58,51
DA:59,51
DA:60,51
DA:62,51
DA:63,0
DA:64,0
DA:67,51
DA:70,0
DA:71,0
DA:76,0
DA:78,51
DA:82,51
DA:83,51
DA:90,156
DA:91,105
DA:92,51
DA:96,156
DA:97,3
DA:98,3
DA:99,3
DA:100,3
DA:101,3
DA:103,0
DA:114,156
DA:116,156
DA:127,156
DA:135,156
DA:136,51
DA:139,105
DA:148,2
DA:149,1933
DA:150,1933
DA:151,0
DA:153,1933
LF:44
LH:37
BRDA:60,0,0,0
BRDA:60,0,1,51
BRDA:62,1,0,0
BRDA:62,1,1,51
BRDA:70,2,0,0
BRDA:70,2,1,0
BRDA:74,3,0,0
BRDA:74,3,1,0
BRDA:78,4,0,51
BRDA:78,4,1,0
BRDA:91,5,0,51
BRDA:91,5,1,54
BRDA:91,6,0,105
BRDA:91,6,1,54
BRDA:101,7,0,3
BRDA:101,7,1,0
BRDA:107,8,0,0
BRDA:107,8,1,0
BRDA:108,9,0,0
BRDA:108,9,1,0
BRDA:114,10,0,3
BRDA:114,10,1,153
BRDA:135,11,0,51
BRDA:135,11,1,105
BRDA:150,12,0,0
BRDA:150,12,1,1933
BRF:26
BRH:13
end_of_record
TN:
SF:context/index.ts
FNF:0
FNH:0
LF:0
LH:0
BRF:0
BRH:0
end_of_record
TN:
SF:src/components/AdBanner.tsx
FN:12,(anonymous_0)
FNF:1
FNH:0
FNDA:0,(anonymous_0)
DA:10,0
DA:12,0
DA:13,0
DA:26,0
LF:4
LH:0
BRDA:10,0,0,0
BRDA:10,0,1,0
BRF:2
BRH:0
end_of_record
TN:
SF:src/components/ErrorBoundary.tsx
FN:17,(anonymous_0)
FN:22,(anonymous_1)
FN:30,(anonymous_2)
FN:42,(anonymous_3)
FN:46,(anonymous_4)
FN:144,(anonymous_5)
FNF:6
FNH:0
FNDA:0,(anonymous_0)
FNDA:0,(anonymous_1)
FNDA:0,(anonymous_2)
FNDA:0,(anonymous_3)
FNDA:0,(anonymous_4)
FNDA:0,(anonymous_5)
DA:18,0
DA:19,0
DA:23,0
DA:31,0
DA:42,0
DA:43,0
DA:47,0
DA:48,0
DA:147,0
DA:172,0
LF:10
LH:0
BRDA:47,0,0,0
BRDA:47,0,1,0
BRDA:97,1,0,0
BRDA:97,1,1,0
BRF:4
BRH:0
end_of_record
TN:
SF:src/components/NotificationService.ts
FN:16,initializeNotifications
FN:20,(anonymous_1)
FN:46,loadNotificationSettings
FN:72,saveNotificationSettings
FN:89,scheduleNotification
FN:143,cancelNotifications
FN:167,updateNotificationSettings
FNF:7
FNH:5
FNDA:2,initializeNotifications
FNDA:0,(anonymous_1)
FNDA:4,loadNotificationSettings
FNDA:2,saveNotificationSettings
FNDA:7,scheduleNotification
FNDA:2,cancelNotifications
FNDA:0,updateNotificationSettings
DA:10,1
DA:11,1
DA:17,2
DA:19,2
DA:20,0
DA:28,1
DA:33,1
DA:47,4
DA:48,4
DA:49,3
DA:50,2
DA:53,2
DA:63,3
DA:73,2
DA:74,2
DA:76,1
DA:90,7
DA:92,7
DA:95,7
DA:96,7
DA:97,7
DA:100,7
DA:101,1
DA:104,7
DA:108,7
DA:122,6
DA:124,6
DA:130,1
DA:144,2
DA:145,2
DA:147,1
DA:149,1
DA:154,1
DA:173,0
DA:174,0
DA:177,0
DA:180,0
DA:181,0
DA:182,0
LF:39
LH:32
BRDA:37,0,0,1
BRDA:37,0,1,0
BRDA:49,1,0,2
BRDA:49,1,1,1
BRDA:57,2,0,2
BRDA:57,2,1,0
BRDA:80,3,0,1
BRDA:80,3,1,0
BRDA:100,4,0,1
BRDA:100,4,1,6
BRDA:134,5,0,1
BRDA:134,5,1,0
BRDA:158,6,0,1
BRDA:158,6,1,0
BRDA:180,7,0,0
BRDA:180,7,1,0
BRDA:180,8,0,0
BRDA:180,8,1,0
BRF:18
BRH:9
end_of_record
TN:
SF:src/components/ScreenBackground.tsx
FN:40,ScreenBackground
FNF:1
FNH:1
FNDA:96,ScreenBackground
DA:45,96
DA:46,96
DA:48,96
LF:3
LH:3
BRDA:41,0,0,0
BRDA:43,1,0,96
BRDA:46,2,0,96
BRDA:46,2,1,0
BRF:4
BRH:2
end_of_record
TN:
SF:src/components/Navigation/FloatingNavBar.tsx
FN:21,FloatingNavBar
FN:54,(anonymous_1)
FN:59,(anonymous_2)
FNF:3
FNH:2
FNDA:96,FloatingNavBar
FNDA:480,(anonymous_1)
FNDA:0,(anonymous_2)
DA:27,96
DA:28,96
DA:29,96
DA:34,96
DA:36,96
DA:55,480
DA:59,0
LF:7
LH:6
BRDA:25,0,0,96
BRF:1
BRH:1
end_of_record
TN:
SF:src/components/Navigation/NavBarIcon.tsx
FN:17,NavBarIcon
FN:20,(anonymous_1)
FNF:2
FNH:1
FNDA:480,NavBarIcon
FNDA:0,(anonymous_1)
DA:18,480
DA:20,480
DA:21,0
DA:22,0
DA:25,480
LF:5
LH:3
BRDA:36,0,0,0
BRDA:36,0,1,480
BRDA:37,1,0,0
BRDA:37,1,1,480
BRF:4
BRH:2
end_of_record
TN:
SF:src/components/Navigation/TopBar.tsx
FN:18,TopBar
FN:29,(anonymous_1)
FN:34,(anonymous_2)
FNF:3
FNH:1
FNDA:96,TopBar
FNDA:0,(anonymous_1)
FNDA:0,(anonymous_2)
DA:26,96
DA:27,96
DA:29,96
DA:30,0
DA:31,0
DA:34,96
DA:35,0
DA:36,0
DA:39,96
LF:9
LH:5
BRDA:20,0,0,96
BRDA:22,1,0,96
BRDA:55,2,0,96
BRDA:55,2,1,0
BRDA:71,3,0,0
BRDA:71,3,1,96
BRDA:72,4,0,0
BRDA:72,4,1,96
BRDA:73,5,0,0
BRDA:73,5,1,96
BRDA:74,6,0,0
BRDA:74,6,1,96
BRDA:77,7,0,0
BRDA:77,7,1,96
BRDA:82,8,0,96
BRDA:82,8,1,0
BRF:16
BRH:9
end_of_record
TN:
SF:src/components/Navigation/index.ts
FNF:0
FNH:0
LF:0
LH:0
BRF:0
BRH:0
end_of_record
TN:
SF:src/components/ui/Badge.tsx
FN:14,Badge
FN:17,(anonymous_1)
FNF:2
FNH:0
FNDA:0,Badge
FNDA:0,(anonymous_1)
DA:15,0
DA:17,0
DA:18,0
DA:19,0
DA:20,0
DA:21,0
DA:22,0
DA:26,0
LF:8
LH:0
BRDA:14,0,0,0
BRDA:18,1,0,0
BRDA:18,1,1,0
BRDA:18,1,2,0
BRDA:18,1,3,0
BRDA:41,2,0,0
BRDA:41,2,1,0
BRF:7
BRH:0
end_of_record
TN:
SF:src/components/ui/Button.tsx
FN:18,Button
FN:30,(anonymous_1)
FN:34,(anonymous_2)
FN:41,(anonymous_3)
FN:72,(anonymous_4)
FN:82,(anonymous_5)
FN:83,(anonymous_6)
FNF:7
FNH:0
FNDA:0,Button
FNDA:0,(anonymous_1)
FNDA:0,(anonymous_2)
FNDA:0,(anonymous_3)
FNDA:0,(anonymous_4)
FNDA:0,(anonymous_5)
FNDA:0,(anonymous_6)
DA:27,0
DA:28,0
DA:30,0
DA:34,0
DA:35,0
DA:36,0
DA:37,0
DA:41,0
DA:42,0
DA:51,0
DA:53,0
DA:61,0
DA:63,0
DA:72,0
DA:73,0
DA:74,0
DA:75,0
DA:78,0
DA:82,0
DA:83,0
LF:20
LH:0
BRDA:21,0,0,0
BRDA:22,1,0,0
BRDA:35,2,0,0
BRDA:35,2,1,0
BRDA:51,3,0,0
BRDA:51,3,1,0
BRDA:51,3,2,0
BRDA:57,4,0,0
BRDA:57,4,1,0
BRDA:66,5,0,0
BRDA:66,5,1,0
BRDA:73,6,0,0
BRDA:73,6,1,0
BRDA:74,7,0,0
BRDA:74,7,1,0
BRDA:74,8,0,0
BRDA:74,8,1,0
BRDA:86,9,0,0
BRDA:86,9,1,0
BRF:19
BRH:0
end_of_record
TN:
SF:src/components/ui/Card.tsx
FN:15,Card
FN:25,(anonymous_1)
FN:33,(anonymous_2)
FN:34,(anonymous_3)
FNF:4
FNH:1
FNDA:672,Card
FNDA:0,(anonymous_1)
FNDA:0,(anonymous_2)
FNDA:0,(anonymous_3)
DA:22,672
DA:23,672
DA:25,672
DA:29,672
DA:33,0
DA:34,0
LF:6
LH:4
BRDA:19,0,0,672
BRDA:20,1,0,672
BRDA:33,2,0,0
BRDA:33,2,1,672
BRDA:34,3,0,0
BRDA:34,3,1,672
BRF:6
BRH:4
end_of_record
TN:
SF:src/components/ui/ComparisonTable.tsx
FN:22,(anonymous_0)
FN:30,(anonymous_1)
FN:34,(anonymous_2)
FN:38,(anonymous_3)
FN:44,(anonymous_4)
FN:48,(anonymous_5)
FN:69,(anonymous_6)
FN:79,(anonymous_7)
FN:95,(anonymous_8)
FNF:9
FNH:0
FNDA:0,(anonymous_0)
FNDA:0,(anonymous_1)
FNDA:0,(anonymous_2)
FNDA:0,(anonymous_3)
FNDA:0,(anonymous_4)
FNDA:0,(anonymous_5)
FNDA:0,(anonymous_6)
FNDA:0,(anonymous_7)
FNDA:0,(anonymous_8)
DA:22,0
DA:23,0
DA:24,0
DA:25,0
DA:27,0
DA:30,0
DA:34,0
DA:39,0
DA:44,0
DA:48,0
DA:52,0
DA:54,0
DA:70,0
DA:80,0
DA:96,0
DA:107,0
LF:16
LH:0
BRDA:30,0,0,0
BRDA:30,0,1,0
BRDA:34,1,0,0
BRDA:34,1,1,0
BRDA:39,2,0,0
BRDA:39,2,1,0
BRDA:39,3,0,0
BRDA:39,3,1,0
BRDA:44,4,0,0
BRDA:44,4,1,0
BRDA:48,5,0,0
BRDA:48,5,1,0
BRDA:86,6,0,0
BRDA:86,6,1,0
BRF:14
BRH:0
end_of_record
TN:
SF:src/components/ui/DailyChallengeCard.tsx
FN:14,(anonymous_0)
FNF:1
FNH:1
FNDA:13,(anonymous_0)
DA:14,1
DA:19,13
DA:20,13
DA:21,13
DA:25,13
DA:27,13
DA:52,1
LF:7
LH:7
BRDA:42,0,0,13
BRDA:42,0,1,10
BRF:2
BRH:2
end_of_record
TN:
SF:src/components/ui/EmptyStateCard.tsx
FN:41,(anonymous_0)
FN:53,(anonymous_1)
FN:119,createStyles
FNF:3
FNH:0
FNDA:0,(anonymous_0)
FNDA:0,(anonymous_1)
FNDA:0,createStyles
DA:41,0
DA:50,0
DA:51,0
DA:53,0
DA:54,0
DA:56,0
DA:57,0
DA:61,0
DA:62,0
DA:64,0
DA:120,0
DA:170,0
DA:171,0
LF:13
LH:0
BRDA:42,0,0,0
BRDA:47,1,0,0
BRDA:48,2,0,0
BRDA:56,3,0,0
BRDA:56,3,1,0
BRDA:61,4,0,0
BRDA:61,4,1,0
BRDA:62,5,0,0
BRDA:62,5,1,0
BRDA:62,5,2,0
BRDA:88,6,0,0
BRDA:88,6,1,0
BRDA:97,7,0,0
BRDA:97,7,1,0
BRF:14
BRH:0
end_of_record
TN:
SF:src/components/ui/ErrorCard.tsx
FN:40,(anonymous_0)
FN:52,(anonymous_1)
FN:61,(anonymous_2)
FN:151,getErrorIcon
FN:170,createStyles
FNF:5
FNH:0
FNDA:0,(anonymous_0)
FNDA:0,(anonymous_1)
FNDA:0,(anonymous_2)
FNDA:0,getErrorIcon
FNDA:0,createStyles
DA:40,0
DA:48,0
DA:49,0
DA:50,0
DA:52,0
DA:54,0
DA:56,0
DA:57,0
DA:61,0
DA:63,0
DA:65,0
DA:66,0
DA:70,0
DA:71,0
DA:73,0
DA:154,0
DA:156,0
DA:158,0
DA:160,0
DA:162,0
DA:164,0
DA:166,0
DA:171,0
DA:251,0
DA:252,0
LF:25
LH:0
BRDA:44,0,0,0
BRDA:45,1,0,0
BRDA:46,2,0,0
BRDA:50,3,0,0
BRDA:50,3,1,0
BRDA:56,4,0,0
BRDA:56,4,1,0
BRDA:65,5,0,0
BRDA:65,5,1,0
BRDA:70,6,0,0
BRDA:70,6,1,0
BRDA:98,7,0,0
BRDA:98,7,1,0
BRDA:106,8,0,0
BRDA:106,8,1,0
BRDA:106,8,2,0
BRDA:108,9,0,0
BRDA:108,9,1,0
BRDA:127,10,0,0
BRDA:127,10,1,0
BRDA:154,11,0,0
BRDA:154,11,1,0
BRDA:154,11,2,0
BRDA:154,11,3,0
BRDA:154,11,4,0
BRDA:154,11,5,0
BRF:26
BRH:0
end_of_record
TN:
SF:src/components/ui/Input.tsx
FN:17,Input
FN:55,(anonymous_1)
FN:56,(anonymous_2)
FNF:3
FNH:0
FNDA:0,Input
FNDA:0,(anonymous_1)
FNDA:0,(anonymous_2)
DA:26,0
DA:27,0
DA:29,0
DA:55,0
DA:56,0
LF:5
LH:0
BRDA:22,0,0,0
BRDA:39,1,0,0
BRDA:39,1,1,0
BRDA:40,2,0,0
BRDA:40,2,1,0
BRDA:43,3,0,0
BRDA:43,3,1,0
BRDA:47,4,0,0
BRDA:47,4,1,0
BRDA:59,5,0,0
BRDA:59,5,1,0
BRF:11
BRH:0
end_of_record
TN:
SF:src/components/ui/ProgressBar.tsx
FN:13,ProgressBar
FN:17,(anonymous_1)
FN:21,(anonymous_2)
FNF:3
FNH:0
FNDA:0,ProgressBar
FNDA:0,(anonymous_1)
FNDA:0,(anonymous_2)
DA:14,0
DA:15,0
DA:17,0
DA:18,0
DA:21,0
DA:25,0
LF:6
LH:0
BRDA:40,0,0,0
BRDA:40,0,1,0
BRF:2
BRH:0
end_of_record
TN:
SF:src/components/ui/QuestionCard.tsx
FN:28,QuestionCard
FNF:1
FNH:0
FNDA:0,QuestionCard
DA:16,0
DA:22,0
DA:34,0
DA:36,0
LF:4
LH:0
BRDA:31,0,0,0
BRDA:72,1,0,0
BRDA:72,1,1,0
BRF:3
BRH:0
end_of_record
TN:
SF:src/components/ui/RetryErrorBanner.tsx
FN:23,(anonymous_0)
FN:36,(anonymous_1)
FNF:2
FNH:0
FNDA:0,(anonymous_0)
FNDA:0,(anonymous_1)
DA:23,0
DA:33,0
DA:34,0
DA:36,0
DA:37,0
DA:38,0
DA:44,0
DA:52,0
DA:53,0
DA:56,0
DA:57,0
DA:62,0
DA:67,0
DA:147,0
LF:14
LH:0
BRDA:28,0,0,0
BRDA:29,1,0,0
BRDA:30,2,0,0
BRDA:31,3,0,0
BRDA:37,4,0,0
BRDA:37,4,1,0
BRDA:52,5,0,0
BRDA:52,5,1,0
BRDA:56,6,0,0
BRDA:56,6,1,0
BRDA:56,7,0,0
BRDA:56,7,1,0
BRDA:74,8,0,0
BRDA:74,8,1,0
BRDA:90,9,0,0
BRDA:90,9,1,0
BRDA:90,9,2,0
BRDA:99,10,0,0
BRDA:99,10,1,0
BRDA:117,11,0,0
BRDA:117,11,1,0
BRDA:117,11,2,0
BRDA:117,11,3,0
BRDA:125,12,0,0
BRDA:125,12,1,0
BRDA:128,13,0,0
BRDA:128,13,1,0
BRDA:134,14,0,0
BRDA:134,14,1,0
BRF:29
BRH:0
end_of_record
TN:
SF:src/components/ui/SearchBar.tsx
FN:19,(anonymous_0)
FN:28,(anonymous_1)
FN:46,(anonymous_2)
FNF:3
FNH:0
FNDA:0,(anonymous_0)
FNDA:0,(anonymous_1)
FNDA:0,(anonymous_2)
DA:19,0
DA:24,0
DA:25,0
DA:26,0
DA:28,0
DA:29,0
DA:30,0
DA:33,0
DA:47,0
DA:48,0
DA:66,0
LF:11
LH:0
BRDA:21,0,0,0
BRDA:52,1,0,0
BRDA:52,1,1,0
BRF:3
BRH:0
end_of_record
TN:
SF:src/components/ui/ToggleSwitch.tsx
FN:21,ToggleSwitch
FN:33,(anonymous_1)
FN:37,(anonymous_2)
FN:44,(anonymous_3)
FNF:4
FNH:3
FNDA:384,ToggleSwitch
FNDA:384,(anonymous_1)
FNDA:14,(anonymous_2)
FNDA:0,(anonymous_3)
DA:30,384
DA:31,384
DA:33,384
DA:34,384
DA:37,384
DA:38,14
DA:39,14
DA:40,14
DA:41,14
DA:44,384
DA:48,384
LF:11
LH:11
BRDA:26,0,0,0
BRDA:27,1,0,0
BRDA:31,2,0,205
BRDA:31,2,1,179
BRDA:34,3,0,205
BRDA:34,3,1,179
BRDA:41,4,0,7
BRDA:41,4,1,7
BRDA:50,5,0,384
BRDA:50,5,1,0
BRDA:59,6,0,384
BRDA:59,6,1,0
BRDA:65,7,0,205
BRDA:65,7,1,179
BRDA:85,8,0,205
BRDA:85,8,1,179
BRDA:88,9,0,384
BRDA:88,9,1,0
BRF:18
BRH:13
end_of_record
TN:
SF:src/hooks/useQuizDifficulty.ts
FN:19,(anonymous_0)
FN:25,(anonymous_1)
FNF:2
FNH:0
FNDA:0,(anonymous_0)
FNDA:0,(anonymous_1)
DA:19,0
DA:20,0
DA:23,0
DA:25,0
DA:26,0
DA:27,0
DA:28,0
DA:31,0
LF:8
LH:0
BRDA:25,0,0,0
BRF:1
BRH:0
end_of_record
TN:
SF:src/hooks/useRetry.ts
FN:29,useRetry
FN:47,(anonymous_1)
FN:70,(anonymous_2)
FN:73,(anonymous_3)
FN:92,(anonymous_4)
FNF:5
FNH:0
FNDA:0,useRetry
FNDA:0,(anonymous_1)
FNDA:0,(anonymous_2)
FNDA:0,(anonymous_3)
FNDA:0,(anonymous_4)
DA:39,0
DA:41,0
DA:42,0
DA:43,0
DA:44,0
DA:45,0
DA:47,0
DA:48,0
DA:49,0
DA:50,0
DA:52,0
DA:53,0
DA:57,0
DA:58,0
DA:59,0
DA:61,0
DA:62,0
DA:63,0
DA:65,0
DA:66,0
DA:70,0
DA:71,0
DA:72,0
DA:73,0
DA:75,0
DA:76,0
DA:80,0
DA:81,0
DA:82,0
DA:84,0
DA:85,0
DA:86,0
DA:88,0
DA:92,0
DA:93,0
DA:94,0
DA:95,0
DA:96,0
DA:97,0
DA:100,0
LF:40
LH:0
BRDA:32,0,0,0
BRDA:35,1,0,0
BRDA:36,2,0,0
BRDA:61,3,0,0
BRDA:61,3,1,0
BRDA:84,4,0,0
BRDA:84,4,1,0
BRF:7
BRH:0
end_of_record
TN:
SF:theme/index.ts
FNF:0
FNH:0
LF:0
LH:0
BRF:0
BRH:0
end_of_record
TN:
SF:theme/tokens.ts
FNF:0
FNH:0
DA:5,2
DA:86,2
DA:145,2
DA:146,2
DA:147,2
DA:250,2
DA:263,2
DA:324,2
LF:8
LH:8
BRF:0
BRH:0
end_of_record
